<?xml version="1.0" encoding="UTF-8" ?>
<testsuite tests="3" failures="0" name="com.shoppingbackend.test.SupplierTestCase" time="5.085" errors="0" skipped="2">
  <properties>
[...]
</properties>
  <testcase classname="com.shoppingbackend.test.SupplierTestCase" name="testUpdateSupplier" time="2.522">
    <skipped/>
    <system-out>10:00:54.610 [main] DEBUG org.springframework.core.env.StandardEnvironment - Adding [systemProperties] PropertySource with lowest search precedence
10:00:54.610 [main] DEBUG org.springframework.core.env.StandardEnvironment - Adding [systemEnvironment] PropertySource with lowest search precedence
10:00:54.611 [main] DEBUG org.springframework.core.env.StandardEnvironment - Initialized StandardEnvironment with PropertySources [systemProperties,systemEnvironment]
10:00:54.632 [main] DEBUG org.springframework.core.io.support.PathMatchingResourcePatternResolver - Resolved classpath location [com/shoppingbackend/] to resources [URL [file:/C:/Users/bhano/virtual-Tranning/shoppingbackend/target/test-classes/com/shoppingbackend/], URL [file:/C:/Users/bhano/virtual-Tranning/shoppingbackend/target/classes/com/shoppingbackend/]]
10:00:54.632 [main] DEBUG org.springframework.core.io.support.PathMatchingResourcePatternResolver - Looking for matching resources in directory tree [C:\Users\bhano\virtual-Tranning\shoppingbackend\target\test-classes\com\shoppingbackend]
10:00:54.632 [main] DEBUG org.springframework.core.io.support.PathMatchingResourcePatternResolver - Searching directory [C:\Users\bhano\virtual-Tranning\shoppingbackend\target\test-classes\com\shoppingbackend] for files matching pattern [C:/Users/bhano/virtual-Tranning/shoppingbackend/target/test-classes/com/shoppingbackend/**/*.class]
10:00:54.662 [main] DEBUG org.springframework.core.io.support.PathMatchingResourcePatternResolver - Searching directory [C:\Users\bhano\virtual-Tranning\shoppingbackend\target\test-classes\com\shoppingbackend\test] for files matching pattern [C:/Users/bhano/virtual-Tranning/shoppingbackend/target/test-classes/com/shoppingbackend/**/*.class]
10:00:54.666 [main] DEBUG org.springframework.core.io.support.PathMatchingResourcePatternResolver - Looking for matching resources in directory tree [C:\Users\bhano\virtual-Tranning\shoppingbackend\target\classes\com\shoppingbackend]
10:00:54.667 [main] DEBUG org.springframework.core.io.support.PathMatchingResourcePatternResolver - Searching directory [C:\Users\bhano\virtual-Tranning\shoppingbackend\target\classes\com\shoppingbackend] for files matching pattern [C:/Users/bhano/virtual-Tranning/shoppingbackend/target/classes/com/shoppingbackend/**/*.class]
10:00:54.668 [main] DEBUG org.springframework.core.io.support.PathMatchingResourcePatternResolver - Searching directory [C:\Users\bhano\virtual-Tranning\shoppingbackend\target\classes\com\shoppingbackend\config] for files matching pattern [C:/Users/bhano/virtual-Tranning/shoppingbackend/target/classes/com/shoppingbackend/**/*.class]
10:00:54.668 [main] DEBUG org.springframework.core.io.support.PathMatchingResourcePatternResolver - Searching directory [C:\Users\bhano\virtual-Tranning\shoppingbackend\target\classes\com\shoppingbackend\dao] for files matching pattern [C:/Users/bhano/virtual-Tranning/shoppingbackend/target/classes/com/shoppingbackend/**/*.class]
10:00:54.669 [main] DEBUG org.springframework.core.io.support.PathMatchingResourcePatternResolver - Searching directory [C:\Users\bhano\virtual-Tranning\shoppingbackend\target\classes\com\shoppingbackend\dao\daoimpl] for files matching pattern [C:/Users/bhano/virtual-Tranning/shoppingbackend/target/classes/com/shoppingbackend/**/*.class]
10:00:54.671 [main] DEBUG org.springframework.core.io.support.PathMatchingResourcePatternResolver - Searching directory [C:\Users\bhano\virtual-Tranning\shoppingbackend\target\classes\com\shoppingbackend\model] for files matching pattern [C:/Users/bhano/virtual-Tranning/shoppingbackend/target/classes/com/shoppingbackend/**/*.class]
10:00:54.677 [main] DEBUG org.springframework.core.io.support.PathMatchingResourcePatternResolver - Resolved location pattern [classpath*:com/shoppingbackend/**/*.class] to resources [file [C:\Users\bhano\virtual-Tranning\shoppingbackend\target\test-classes\com\shoppingbackend\AppTest.class], file [C:\Users\bhano\virtual-Tranning\shoppingbackend\target\test-classes\com\shoppingbackend\test\CartLineTestCase.class], file [C:\Users\bhano\virtual-Tranning\shoppingbackend\target\test-classes\com\shoppingbackend\test\CategoryTestCase.class], file [C:\Users\bhano\virtual-Tranning\shoppingbackend\target\test-classes\com\shoppingbackend\test\ProductTestCase.class], file [C:\Users\bhano\virtual-Tranning\shoppingbackend\target\test-classes\com\shoppingbackend\test\SupplierTestCase.class], file [C:\Users\bhano\virtual-Tranning\shoppingbackend\target\test-classes\com\shoppingbackend\test\UserTestCase.class], file [C:\Users\bhano\virtual-Tranning\shoppingbackend\target\classes\com\shoppingbackend\App.class], file [C:\Users\bhano\virtual-Tranning\shoppingbackend\target\classes\com\shoppingbackend\config\HibernateConfig.class], file [C:\Users\bhano\virtual-Tranning\shoppingbackend\target\classes\com\shoppingbackend\dao\CartLineDAO.class], file [C:\Users\bhano\virtual-Tranning\shoppingbackend\target\classes\com\shoppingbackend\dao\CategoryDAO.class], file [C:\Users\bhano\virtual-Tranning\shoppingbackend\target\classes\com\shoppingbackend\dao\daoimpl\CartLineDAOImpl.class], file [C:\Users\bhano\virtual-Tranning\shoppingbackend\target\classes\com\shoppingbackend\dao\daoimpl\CategoryDAOImpl.class], file [C:\Users\bhano\virtual-Tranning\shoppingbackend\target\classes\com\shoppingbackend\dao\daoimpl\ProductDAOImpl.class], file [C:\Users\bhano\virtual-Tranning\shoppingbackend\target\classes\com\shoppingbackend\dao\daoimpl\SupplierDAOImpl.class], file [C:\Users\bhano\virtual-Tranning\shoppingbackend\target\classes\com\shoppingbackend\dao\daoimpl\UserDAOImpl.class], file [C:\Users\bhano\virtual-Tranning\shoppingbackend\target\classes\com\shoppingbackend\dao\ProductDAO.class], file [C:\Users\bhano\virtual-Tranning\shoppingbackend\target\classes\com\shoppingbackend\dao\SupplierDAO.class], file [C:\Users\bhano\virtual-Tranning\shoppingbackend\target\classes\com\shoppingbackend\dao\UserDAO.class], file [C:\Users\bhano\virtual-Tranning\shoppingbackend\target\classes\com\shoppingbackend\model\Address.class], file [C:\Users\bhano\virtual-Tranning\shoppingbackend\target\classes\com\shoppingbackend\model\Cart.class], file [C:\Users\bhano\virtual-Tranning\shoppingbackend\target\classes\com\shoppingbackend\model\CartLine.class], file [C:\Users\bhano\virtual-Tranning\shoppingbackend\target\classes\com\shoppingbackend\model\Category.class], file [C:\Users\bhano\virtual-Tranning\shoppingbackend\target\classes\com\shoppingbackend\model\OrderDetail.class], file [C:\Users\bhano\virtual-Tranning\shoppingbackend\target\classes\com\shoppingbackend\model\OrderItem.class], file [C:\Users\bhano\virtual-Tranning\shoppingbackend\target\classes\com\shoppingbackend\model\Product.class], file [C:\Users\bhano\virtual-Tranning\shoppingbackend\target\classes\com\shoppingbackend\model\Supplier.class], file [C:\Users\bhano\virtual-Tranning\shoppingbackend\target\classes\com\shoppingbackend\model\User.class]]
10:00:54.687 [main] DEBUG org.springframework.context.annotation.ClassPathBeanDefinitionScanner - Identified candidate component class: file [C:\Users\bhano\virtual-Tranning\shoppingbackend\target\classes\com\shoppingbackend\config\HibernateConfig.class]
10:00:54.694 [main] DEBUG org.springframework.context.annotation.ClassPathBeanDefinitionScanner - Identified candidate component class: file [C:\Users\bhano\virtual-Tranning\shoppingbackend\target\classes\com\shoppingbackend\dao\daoimpl\CartLineDAOImpl.class]
10:00:54.738 [main] DEBUG org.springframework.context.annotation.ClassPathBeanDefinitionScanner - Identified candidate component class: file [C:\Users\bhano\virtual-Tranning\shoppingbackend\target\classes\com\shoppingbackend\dao\daoimpl\CategoryDAOImpl.class]
10:00:54.740 [main] DEBUG org.springframework.context.annotation.ClassPathBeanDefinitionScanner - Identified candidate component class: file [C:\Users\bhano\virtual-Tranning\shoppingbackend\target\classes\com\shoppingbackend\dao\daoimpl\ProductDAOImpl.class]
10:00:54.741 [main] DEBUG org.springframework.context.annotation.ClassPathBeanDefinitionScanner - Identified candidate component class: file [C:\Users\bhano\virtual-Tranning\shoppingbackend\target\classes\com\shoppingbackend\dao\daoimpl\SupplierDAOImpl.class]
10:00:54.746 [main] DEBUG org.springframework.context.annotation.ClassPathBeanDefinitionScanner - Identified candidate component class: file [C:\Users\bhano\virtual-Tranning\shoppingbackend\target\classes\com\shoppingbackend\dao\daoimpl\UserDAOImpl.class]
10:00:54.788 [main] DEBUG org.springframework.context.annotation.ClassPathBeanDefinitionScanner - Identified candidate component class: file [C:\Users\bhano\virtual-Tranning\shoppingbackend\target\classes\com\shoppingbackend\model\Product.class]
10:00:54.796 [main] INFO org.springframework.context.annotation.AnnotationConfigApplicationContext - Refreshing org.springframework.context.annotation.AnnotationConfigApplicationContext@bb9ab64: startup date [Thu Feb 08 10:00:54 IST 2018]; root of context hierarchy
10:00:54.797 [main] DEBUG org.springframework.context.annotation.AnnotationConfigApplicationContext - Bean factory for org.springframework.context.annotation.AnnotationConfigApplicationContext@bb9ab64: org.springframework.beans.factory.support.DefaultListableBeanFactory@7ce4de34: defining beans [org.springframework.context.annotation.internalConfigurationAnnotationProcessor,org.springframework.context.annotation.internalAutowiredAnnotationProcessor,org.springframework.context.annotation.internalRequiredAnnotationProcessor,org.springframework.context.annotation.internalCommonAnnotationProcessor,org.springframework.context.annotation.internalPersistenceAnnotationProcessor,org.springframework.context.event.internalEventListenerProcessor,org.springframework.context.event.internalEventListenerFactory,hibernateConfig,cartLineDAO,categoryDAO,productDAO,supplierDAO,userDAO,product]; root of factory hierarchy
10:00:54.801 [main] DEBUG org.springframework.beans.factory.support.DefaultListableBeanFactory - Creating shared instance of singleton bean &apos;org.springframework.context.annotation.internalConfigurationAnnotationProcessor&apos;
10:00:54.802 [main] DEBUG org.springframework.beans.factory.support.DefaultListableBeanFactory - Creating instance of bean &apos;org.springframework.context.annotation.internalConfigurationAnnotationProcessor&apos;
10:00:54.802 [main] DEBUG org.springframework.beans.factory.support.DefaultListableBeanFactory - Eagerly caching bean &apos;org.springframework.context.annotation.internalConfigurationAnnotationProcessor&apos; to allow for resolving potential circular references
10:00:54.803 [main] DEBUG org.springframework.beans.factory.support.DefaultListableBeanFactory - Finished creating instance of bean &apos;org.springframework.context.annotation.internalConfigurationAnnotationProcessor&apos;
10:00:54.809 [main] DEBUG org.springframework.core.io.support.PathMatchingResourcePatternResolver - Resolved classpath location [com/shoppingbackend/model/] to resources [URL [file:/C:/Users/bhano/virtual-Tranning/shoppingbackend/target/classes/com/shoppingbackend/model/]]
10:00:54.810 [main] DEBUG org.springframework.core.io.support.PathMatchingResourcePatternResolver - Looking for matching resources in directory tree [C:\Users\bhano\virtual-Tranning\shoppingbackend\target\classes\com\shoppingbackend\model]
10:00:54.811 [main] DEBUG org.springframework.core.io.support.PathMatchingResourcePatternResolver - Searching directory [C:\Users\bhano\virtual-Tranning\shoppingbackend\target\classes\com\shoppingbackend\model] for files matching pattern [C:/Users/bhano/virtual-Tranning/shoppingbackend/target/classes/com/shoppingbackend/model/**/*.class]
10:00:54.817 [main] DEBUG org.springframework.core.io.support.PathMatchingResourcePatternResolver - Resolved location pattern [classpath*:com/shoppingbackend/model/**/*.class] to resources [file [C:\Users\bhano\virtual-Tranning\shoppingbackend\target\classes\com\shoppingbackend\model\Address.class], file [C:\Users\bhano\virtual-Tranning\shoppingbackend\target\classes\com\shoppingbackend\model\Cart.class], file [C:\Users\bhano\virtual-Tranning\shoppingbackend\target\classes\com\shoppingbackend\model\CartLine.class], file [C:\Users\bhano\virtual-Tranning\shoppingbackend\target\classes\com\shoppingbackend\model\Category.class], file [C:\Users\bhano\virtual-Tranning\shoppingbackend\target\classes\com\shoppingbackend\model\OrderDetail.class], file [C:\Users\bhano\virtual-Tranning\shoppingbackend\target\classes\com\shoppingbackend\model\OrderItem.class], file [C:\Users\bhano\virtual-Tranning\shoppingbackend\target\classes\com\shoppingbackend\model\Product.class], file [C:\Users\bhano\virtual-Tranning\shoppingbackend\target\classes\com\shoppingbackend\model\Supplier.class], file [C:\Users\bhano\virtual-Tranning\shoppingbackend\target\classes\com\shoppingbackend\model\User.class]]
10:00:54.859 [main] DEBUG org.springframework.context.annotation.ClassPathBeanDefinitionScanner - Identified candidate component class: file [C:\Users\bhano\virtual-Tranning\shoppingbackend\target\classes\com\shoppingbackend\model\Product.class]
10:00:54.927 [main] DEBUG org.springframework.context.annotation.ConfigurationClassBeanDefinitionReader - Registered bean definition for imported class &apos;org.springframework.transaction.annotation.ProxyTransactionManagementConfiguration&apos;
10:00:54.928 [main] DEBUG org.springframework.context.annotation.ConfigurationClassBeanDefinitionReader - Registering bean definition for @Bean method org.springframework.transaction.annotation.ProxyTransactionManagementConfiguration.org.springframework.transaction.config.internalTransactionAdvisor()
10:00:54.928 [main] DEBUG org.springframework.context.annotation.ConfigurationClassBeanDefinitionReader - Registering bean definition for @Bean method org.springframework.transaction.annotation.ProxyTransactionManagementConfiguration.transactionAttributeSource()
10:00:54.929 [main] DEBUG org.springframework.context.annotation.ConfigurationClassBeanDefinitionReader - Registering bean definition for @Bean method org.springframework.transaction.annotation.ProxyTransactionManagementConfiguration.transactionInterceptor()
10:00:54.929 [main] DEBUG org.springframework.context.annotation.ConfigurationClassBeanDefinitionReader - Registering bean definition for @Bean method org.springframework.transaction.annotation.ProxyTransactionManagementConfiguration.org.springframework.transaction.config.internalTransactionalEventListenerFactory()
10:00:54.930 [main] DEBUG org.springframework.context.annotation.ConfigurationClassBeanDefinitionReader - Registering bean definition for @Bean method com.shoppingbackend.config.HibernateConfig.dataSource()
10:00:54.932 [main] DEBUG org.springframework.context.annotation.ConfigurationClassBeanDefinitionReader - Registering bean definition for @Bean method com.shoppingbackend.config.HibernateConfig.getSessionFactory()
10:00:54.934 [main] DEBUG org.springframework.context.annotation.ConfigurationClassBeanDefinitionReader - Registering bean definition for @Bean method com.shoppingbackend.config.HibernateConfig.getTransactionManager()
10:00:54.941 [main] DEBUG org.springframework.context.annotation.ConfigurationClassEnhancer - Successfully enhanced com.shoppingbackend.config.HibernateConfig; enhanced class name is: com.shoppingbackend.config.HibernateConfig$$EnhancerBySpringCGLIB$$7bf358ee
10:00:54.942 [main] DEBUG org.springframework.context.annotation.ConfigurationClassPostProcessor - Replacing bean definition &apos;hibernateConfig&apos; existing class &apos;com.shoppingbackend.config.HibernateConfig&apos; with enhanced class &apos;com.shoppingbackend.config.HibernateConfig$$EnhancerBySpringCGLIB$$7bf358ee&apos;
10:00:54.969 [main] DEBUG org.springframework.context.annotation.ConfigurationClassEnhancer - Successfully enhanced org.springframework.transaction.annotation.ProxyTransactionManagementConfiguration; enhanced class name is: org.springframework.transaction.annotation.ProxyTransactionManagementConfiguration$$EnhancerBySpringCGLIB$$c4398932
10:00:54.971 [main] DEBUG org.springframework.context.annotation.ConfigurationClassPostProcessor - Replacing bean definition &apos;org.springframework.transaction.annotation.ProxyTransactionManagementConfiguration&apos; existing class &apos;org.springframework.transaction.annotation.ProxyTransactionManagementConfiguration&apos; with enhanced class &apos;org.springframework.transaction.annotation.ProxyTransactionManagementConfiguration$$EnhancerBySpringCGLIB$$c4398932&apos;
10:00:54.981 [main] DEBUG org.springframework.beans.factory.support.DefaultListableBeanFactory - Creating shared instance of singleton bean &apos;org.springframework.context.annotation.internalAutowiredAnnotationProcessor&apos;
10:00:54.981 [main] DEBUG org.springframework.beans.factory.support.DefaultListableBeanFactory - Creating instance of bean &apos;org.springframework.context.annotation.internalAutowiredAnnotationProcessor&apos;
10:00:54.985 [main] DEBUG org.springframework.beans.factory.support.DefaultListableBeanFactory - Eagerly caching bean &apos;org.springframework.context.annotation.internalAutowiredAnnotationProcessor&apos; to allow for resolving potential circular references
10:00:54.991 [main] DEBUG org.springframework.beans.factory.support.DefaultListableBeanFactory - Finished creating instance of bean &apos;org.springframework.context.annotation.internalAutowiredAnnotationProcessor&apos;
10:00:54.992 [main] DEBUG org.springframework.beans.factory.support.DefaultListableBeanFactory - Creating shared instance of singleton bean &apos;org.springframework.context.annotation.internalRequiredAnnotationProcessor&apos;
10:00:54.992 [main] DEBUG org.springframework.beans.factory.support.DefaultListableBeanFactory - Creating instance of bean &apos;org.springframework.context.annotation.internalRequiredAnnotationProcessor&apos;
10:00:54.992 [main] DEBUG org.springframework.beans.factory.support.DefaultListableBeanFactory - Eagerly caching bean &apos;org.springframework.context.annotation.internalRequiredAnnotationProcessor&apos; to allow for resolving potential circular references
10:00:54.999 [main] DEBUG org.springframework.beans.factory.support.DefaultListableBeanFactory - Finished creating instance of bean &apos;org.springframework.context.annotation.internalRequiredAnnotationProcessor&apos;
10:00:54.999 [main] DEBUG org.springframework.beans.factory.support.DefaultListableBeanFactory - Creating shared instance of singleton bean &apos;org.springframework.context.annotation.internalCommonAnnotationProcessor&apos;
10:00:55.002 [main] DEBUG org.springframework.beans.factory.support.DefaultListableBeanFactory - Creating instance of bean &apos;org.springframework.context.annotation.internalCommonAnnotationProcessor&apos;
10:00:55.005 [main] DEBUG org.springframework.beans.factory.support.DefaultListableBeanFactory - Eagerly caching bean &apos;org.springframework.context.annotation.internalCommonAnnotationProcessor&apos; to allow for resolving potential circular references
10:00:55.045 [main] DEBUG org.springframework.beans.factory.support.DefaultListableBeanFactory - Finished creating instance of bean &apos;org.springframework.context.annotation.internalCommonAnnotationProcessor&apos;
10:00:55.045 [main] DEBUG org.springframework.beans.factory.support.DefaultListableBeanFactory - Creating shared instance of singleton bean &apos;org.springframework.context.annotation.internalPersistenceAnnotationProcessor&apos;
10:00:55.045 [main] DEBUG org.springframework.beans.factory.support.DefaultListableBeanFactory - Creating instance of bean &apos;org.springframework.context.annotation.internalPersistenceAnnotationProcessor&apos;
10:00:55.046 [main] DEBUG org.springframework.beans.factory.support.DefaultListableBeanFactory - Eagerly caching bean &apos;org.springframework.context.annotation.internalPersistenceAnnotationProcessor&apos; to allow for resolving potential circular references
10:00:55.052 [main] DEBUG org.springframework.beans.factory.support.DefaultListableBeanFactory - Finished creating instance of bean &apos;org.springframework.context.annotation.internalPersistenceAnnotationProcessor&apos;
10:00:55.055 [main] DEBUG org.springframework.beans.factory.support.DefaultListableBeanFactory - Creating shared instance of singleton bean &apos;org.springframework.aop.config.internalAutoProxyCreator&apos;
10:00:55.055 [main] DEBUG org.springframework.beans.factory.support.DefaultListableBeanFactory - Creating instance of bean &apos;org.springframework.aop.config.internalAutoProxyCreator&apos;
10:00:55.057 [main] DEBUG org.springframework.beans.factory.support.DefaultListableBeanFactory - Eagerly caching bean &apos;org.springframework.aop.config.internalAutoProxyCreator&apos; to allow for resolving potential circular references
10:00:55.077 [main] DEBUG org.springframework.beans.factory.support.DefaultListableBeanFactory - Finished creating instance of bean &apos;org.springframework.aop.config.internalAutoProxyCreator&apos;
10:00:55.077 [main] DEBUG org.springframework.context.annotation.AnnotationConfigApplicationContext - Unable to locate MessageSource with name &apos;messageSource&apos;: using default [org.springframework.context.support.DelegatingMessageSource@dc7b462]
10:00:55.077 [main] DEBUG org.springframework.context.annotation.AnnotationConfigApplicationContext - Unable to locate ApplicationEventMulticaster with name &apos;applicationEventMulticaster&apos;: using default [org.springframework.context.event.SimpleApplicationEventMulticaster@1f51431]
10:00:55.078 [main] DEBUG org.springframework.beans.factory.support.DefaultListableBeanFactory - Pre-instantiating singletons in org.springframework.beans.factory.support.DefaultListableBeanFactory@7ce4de34: defining beans [org.springframework.context.annotation.internalConfigurationAnnotationProcessor,org.springframework.context.annotation.internalAutowiredAnnotationProcessor,org.springframework.context.annotation.internalRequiredAnnotationProcessor,org.springframework.context.annotation.internalCommonAnnotationProcessor,org.springframework.context.annotation.internalPersistenceAnnotationProcessor,org.springframework.context.event.internalEventListenerProcessor,org.springframework.context.event.internalEventListenerFactory,hibernateConfig,cartLineDAO,categoryDAO,productDAO,supplierDAO,userDAO,product,org.springframework.transaction.annotation.ProxyTransactionManagementConfiguration,org.springframework.transaction.config.internalTransactionAdvisor,transactionAttributeSource,transactionInterceptor,org.springframework.transaction.config.internalTransactionalEventListenerFactory,dataSource,getSessionFactory,getTransactionManager,org.springframework.aop.config.internalAutoProxyCreator]; root of factory hierarchy
10:00:55.079 [main] DEBUG org.springframework.beans.factory.support.DefaultListableBeanFactory - Returning cached instance of singleton bean &apos;org.springframework.context.annotation.internalConfigurationAnnotationProcessor&apos;
10:00:55.079 [main] DEBUG org.springframework.beans.factory.support.DefaultListableBeanFactory - Returning cached instance of singleton bean &apos;org.springframework.context.annotation.internalAutowiredAnnotationProcessor&apos;
10:00:55.079 [main] DEBUG org.springframework.beans.factory.support.DefaultListableBeanFactory - Returning cached instance of singleton bean &apos;org.springframework.context.annotation.internalRequiredAnnotationProcessor&apos;
10:00:55.079 [main] DEBUG org.springframework.beans.factory.support.DefaultListableBeanFactory - Returning cached instance of singleton bean &apos;org.springframework.context.annotation.internalCommonAnnotationProcessor&apos;
10:00:55.079 [main] DEBUG org.springframework.beans.factory.support.DefaultListableBeanFactory - Returning cached instance of singleton bean &apos;org.springframework.context.annotation.internalPersistenceAnnotationProcessor&apos;
10:00:55.080 [main] DEBUG org.springframework.beans.factory.support.DefaultListableBeanFactory - Creating shared instance of singleton bean &apos;org.springframework.context.event.internalEventListenerProcessor&apos;
10:00:55.081 [main] DEBUG org.springframework.beans.factory.support.DefaultListableBeanFactory - Creating instance of bean &apos;org.springframework.context.event.internalEventListenerProcessor&apos;
10:00:55.082 [main] DEBUG org.springframework.beans.factory.support.DefaultListableBeanFactory - Eagerly caching bean &apos;org.springframework.context.event.internalEventListenerProcessor&apos; to allow for resolving potential circular references
10:00:55.098 [main] DEBUG org.springframework.beans.factory.support.DefaultListableBeanFactory - Creating shared instance of singleton bean &apos;org.springframework.transaction.config.internalTransactionAdvisor&apos;
10:00:55.108 [main] DEBUG org.springframework.beans.factory.support.DefaultListableBeanFactory - Creating instance of bean &apos;org.springframework.transaction.config.internalTransactionAdvisor&apos;
10:00:55.108 [main] DEBUG org.springframework.beans.factory.support.DefaultListableBeanFactory - Creating shared instance of singleton bean &apos;org.springframework.transaction.annotation.ProxyTransactionManagementConfiguration&apos;
10:00:55.109 [main] DEBUG org.springframework.beans.factory.support.DefaultListableBeanFactory - Creating instance of bean &apos;org.springframework.transaction.annotation.ProxyTransactionManagementConfiguration&apos;
10:00:55.135 [main] DEBUG org.springframework.beans.factory.annotation.InjectionMetadata - Registered injected element on class [org.springframework.transaction.annotation.ProxyTransactionManagementConfiguration$$EnhancerBySpringCGLIB$$c4398932]: AutowiredMethodElement for void org.springframework.transaction.annotation.AbstractTransactionManagementConfiguration.setConfigurers(java.util.Collection)
10:00:55.135 [main] DEBUG org.springframework.beans.factory.support.DefaultListableBeanFactory - Eagerly caching bean &apos;org.springframework.transaction.annotation.ProxyTransactionManagementConfiguration&apos; to allow for resolving potential circular references
10:00:55.136 [main] DEBUG org.springframework.beans.factory.annotation.InjectionMetadata - Processing injected element of bean &apos;org.springframework.transaction.annotation.ProxyTransactionManagementConfiguration&apos;: AutowiredMethodElement for void org.springframework.transaction.annotation.AbstractTransactionManagementConfiguration.setConfigurers(java.util.Collection)
10:00:55.141 [main] DEBUG org.springframework.beans.factory.support.DefaultListableBeanFactory - Returning cached instance of singleton bean &apos;org.springframework.context.annotation.ConfigurationClassPostProcessor.importRegistry&apos;
10:00:55.142 [main] DEBUG org.springframework.aop.framework.autoproxy.BeanFactoryAdvisorRetrievalHelper - Skipping currently created advisor &apos;org.springframework.transaction.config.internalTransactionAdvisor&apos;
10:00:55.142 [main] DEBUG org.springframework.beans.factory.support.DefaultListableBeanFactory - Finished creating instance of bean &apos;org.springframework.transaction.annotation.ProxyTransactionManagementConfiguration&apos;
10:00:55.145 [main] DEBUG org.springframework.beans.factory.support.DefaultListableBeanFactory - Creating shared instance of singleton bean &apos;transactionAttributeSource&apos;
10:00:55.145 [main] DEBUG org.springframework.beans.factory.support.DefaultListableBeanFactory - Creating instance of bean &apos;transactionAttributeSource&apos;
10:00:55.146 [main] DEBUG org.springframework.beans.factory.support.DefaultListableBeanFactory - Returning cached instance of singleton bean &apos;org.springframework.transaction.annotation.ProxyTransactionManagementConfiguration&apos;
10:00:55.152 [main] DEBUG org.springframework.beans.factory.support.DefaultListableBeanFactory - Eagerly caching bean &apos;transactionAttributeSource&apos; to allow for resolving potential circular references
10:00:55.156 [main] DEBUG org.springframework.aop.framework.autoproxy.BeanFactoryAdvisorRetrievalHelper - Skipping currently created advisor &apos;org.springframework.transaction.config.internalTransactionAdvisor&apos;
10:00:55.157 [main] DEBUG org.springframework.beans.factory.support.DefaultListableBeanFactory - Finished creating instance of bean &apos;transactionAttributeSource&apos;
10:00:55.158 [main] DEBUG org.springframework.beans.factory.support.DefaultListableBeanFactory - Creating shared instance of singleton bean &apos;transactionInterceptor&apos;
10:00:55.158 [main] DEBUG org.springframework.beans.factory.support.DefaultListableBeanFactory - Creating instance of bean &apos;transactionInterceptor&apos;
10:00:55.158 [main] DEBUG org.springframework.beans.factory.support.DefaultListableBeanFactory - Returning cached instance of singleton bean &apos;org.springframework.transaction.annotation.ProxyTransactionManagementConfiguration&apos;
10:00:55.159 [main] DEBUG org.springframework.beans.factory.support.DefaultListableBeanFactory - Returning cached instance of singleton bean &apos;transactionAttributeSource&apos;
10:00:55.177 [main] DEBUG org.springframework.beans.factory.support.DefaultListableBeanFactory - Eagerly caching bean &apos;transactionInterceptor&apos; to allow for resolving potential circular references
10:00:55.185 [main] DEBUG org.springframework.beans.factory.support.DefaultListableBeanFactory - Invoking afterPropertiesSet() on bean with name &apos;transactionInterceptor&apos;
10:00:55.186 [main] DEBUG org.springframework.beans.factory.support.DefaultListableBeanFactory - Finished creating instance of bean &apos;transactionInterceptor&apos;
10:00:55.186 [main] DEBUG org.springframework.beans.factory.support.DefaultListableBeanFactory - Eagerly caching bean &apos;org.springframework.transaction.config.internalTransactionAdvisor&apos; to allow for resolving potential circular references
10:00:55.191 [main] DEBUG org.springframework.beans.factory.support.DefaultListableBeanFactory - Finished creating instance of bean &apos;org.springframework.transaction.config.internalTransactionAdvisor&apos;
10:00:55.191 [main] DEBUG org.springframework.beans.factory.support.DefaultListableBeanFactory - Finished creating instance of bean &apos;org.springframework.context.event.internalEventListenerProcessor&apos;
10:00:55.192 [main] DEBUG org.springframework.beans.factory.support.DefaultListableBeanFactory - Creating shared instance of singleton bean &apos;org.springframework.context.event.internalEventListenerFactory&apos;
10:00:55.192 [main] DEBUG org.springframework.beans.factory.support.DefaultListableBeanFactory - Creating instance of bean &apos;org.springframework.context.event.internalEventListenerFactory&apos;
10:00:55.193 [main] DEBUG org.springframework.beans.factory.support.DefaultListableBeanFactory - Eagerly caching bean &apos;org.springframework.context.event.internalEventListenerFactory&apos; to allow for resolving potential circular references
10:00:55.197 [main] DEBUG org.springframework.beans.factory.support.DefaultListableBeanFactory - Returning cached instance of singleton bean &apos;org.springframework.transaction.config.internalTransactionAdvisor&apos;
10:00:55.198 [main] DEBUG org.springframework.beans.factory.support.DefaultListableBeanFactory - Finished creating instance of bean &apos;org.springframework.context.event.internalEventListenerFactory&apos;
10:00:55.198 [main] DEBUG org.springframework.beans.factory.support.DefaultListableBeanFactory - Creating shared instance of singleton bean &apos;hibernateConfig&apos;
10:00:55.198 [main] DEBUG org.springframework.beans.factory.support.DefaultListableBeanFactory - Creating instance of bean &apos;hibernateConfig&apos;
10:00:55.201 [main] DEBUG org.springframework.beans.factory.support.DefaultListableBeanFactory - Eagerly caching bean &apos;hibernateConfig&apos; to allow for resolving potential circular references
10:00:55.206 [main] DEBUG org.springframework.beans.factory.support.DefaultListableBeanFactory - Returning cached instance of singleton bean &apos;org.springframework.transaction.config.internalTransactionAdvisor&apos;
10:00:55.208 [main] DEBUG org.springframework.beans.factory.support.DefaultListableBeanFactory - Finished creating instance of bean &apos;hibernateConfig&apos;
10:00:55.211 [main] DEBUG org.springframework.beans.factory.support.DefaultListableBeanFactory - Creating shared instance of singleton bean &apos;cartLineDAO&apos;
10:00:55.211 [main] DEBUG org.springframework.beans.factory.support.DefaultListableBeanFactory - Creating instance of bean &apos;cartLineDAO&apos;
10:00:55.212 [main] DEBUG org.springframework.beans.factory.annotation.InjectionMetadata - Registered injected element on class [com.shoppingbackend.dao.daoimpl.CartLineDAOImpl]: AutowiredFieldElement for private org.hibernate.SessionFactory com.shoppingbackend.dao.daoimpl.CartLineDAOImpl.sessionFactory
10:00:55.213 [main] DEBUG org.springframework.beans.factory.support.DefaultListableBeanFactory - Eagerly caching bean &apos;cartLineDAO&apos; to allow for resolving potential circular references
10:00:55.221 [main] DEBUG org.springframework.beans.factory.annotation.InjectionMetadata - Processing injected element of bean &apos;cartLineDAO&apos;: AutowiredFieldElement for private org.hibernate.SessionFactory com.shoppingbackend.dao.daoimpl.CartLineDAOImpl.sessionFactory
10:00:55.223 [main] DEBUG org.springframework.beans.factory.support.DefaultListableBeanFactory - Creating shared instance of singleton bean &apos;getSessionFactory&apos;
10:00:55.226 [main] DEBUG org.springframework.beans.factory.support.DefaultListableBeanFactory - Creating instance of bean &apos;getSessionFactory&apos;
10:00:55.226 [main] DEBUG org.springframework.beans.factory.support.DefaultListableBeanFactory - Returning cached instance of singleton bean &apos;hibernateConfig&apos;
10:00:55.229 [main] DEBUG org.springframework.beans.factory.support.DefaultListableBeanFactory - Creating shared instance of singleton bean &apos;dataSource&apos;
10:00:55.230 [main] DEBUG org.springframework.beans.factory.support.DefaultListableBeanFactory - Creating instance of bean &apos;dataSource&apos;
10:00:55.230 [main] DEBUG org.springframework.beans.factory.support.DefaultListableBeanFactory - Returning cached instance of singleton bean &apos;hibernateConfig&apos;
10:00:55.232 [main] DEBUG org.springframework.beans.factory.support.DefaultListableBeanFactory - Eagerly caching bean &apos;dataSource&apos; to allow for resolving potential circular references
10:00:55.253 [main] DEBUG org.springframework.beans.factory.support.DefaultListableBeanFactory - Returning cached instance of singleton bean &apos;org.springframework.transaction.config.internalTransactionAdvisor&apos;
10:00:55.257 [main] DEBUG org.springframework.beans.factory.support.DefaultListableBeanFactory - Finished creating instance of bean &apos;dataSource&apos;
10:00:55.258 [main] DEBUG org.springframework.beans.factory.support.DefaultListableBeanFactory - Autowiring by type from bean name &apos;getSessionFactory&apos; via factory method to bean named &apos;dataSource&apos;
10:00:55.259 [main] DEBUG org.hibernate.integrator.internal.IntegratorServiceImpl - Adding Integrator [org.hibernate.cfg.beanvalidation.BeanValidationIntegrator].
10:00:55.259 [main] DEBUG org.hibernate.integrator.internal.IntegratorServiceImpl - Adding Integrator [org.hibernate.secure.spi.JaccIntegrator].
10:00:55.259 [main] DEBUG org.hibernate.integrator.internal.IntegratorServiceImpl - Adding Integrator [org.hibernate.cache.internal.CollectionCacheInvalidator].
10:00:55.268 [main] DEBUG org.springframework.core.io.support.PathMatchingResourcePatternResolver - Resolved classpath location [com/shoppingbackend/model/] to resources [URL [file:/C:/Users/bhano/virtual-Tranning/shoppingbackend/target/classes/com/shoppingbackend/model/]]
10:00:55.268 [main] DEBUG org.springframework.core.io.support.PathMatchingResourcePatternResolver - Looking for matching resources in directory tree [C:\Users\bhano\virtual-Tranning\shoppingbackend\target\classes\com\shoppingbackend\model]
10:00:55.269 [main] DEBUG org.springframework.core.io.support.PathMatchingResourcePatternResolver - Searching directory [C:\Users\bhano\virtual-Tranning\shoppingbackend\target\classes\com\shoppingbackend\model] for files matching pattern [C:/Users/bhano/virtual-Tranning/shoppingbackend/target/classes/com/shoppingbackend/model/**/*.class]
10:00:55.275 [main] DEBUG org.springframework.core.io.support.PathMatchingResourcePatternResolver - Resolved location pattern [classpath*:com/shoppingbackend/model/**/*.class] to resources [file [C:\Users\bhano\virtual-Tranning\shoppingbackend\target\classes\com\shoppingbackend\model\Address.class], file [C:\Users\bhano\virtual-Tranning\shoppingbackend\target\classes\com\shoppingbackend\model\Cart.class], file [C:\Users\bhano\virtual-Tranning\shoppingbackend\target\classes\com\shoppingbackend\model\CartLine.class], file [C:\Users\bhano\virtual-Tranning\shoppingbackend\target\classes\com\shoppingbackend\model\Category.class], file [C:\Users\bhano\virtual-Tranning\shoppingbackend\target\classes\com\shoppingbackend\model\OrderDetail.class], file [C:\Users\bhano\virtual-Tranning\shoppingbackend\target\classes\com\shoppingbackend\model\OrderItem.class], file [C:\Users\bhano\virtual-Tranning\shoppingbackend\target\classes\com\shoppingbackend\model\Product.class], file [C:\Users\bhano\virtual-Tranning\shoppingbackend\target\classes\com\shoppingbackend\model\Supplier.class], file [C:\Users\bhano\virtual-Tranning\shoppingbackend\target\classes\com\shoppingbackend\model\User.class]]
10:00:55.288 [main] DEBUG org.hibernate.cfg.Configuration - Building session factory using internal StandardServiceRegistryBuilder
10:00:55.289 [main] DEBUG org.hibernate.service.spi.ServiceBinding - Overriding existing service binding [org.hibernate.secure.spi.JaccService]
10:00:55.290 [main] DEBUG org.hibernate.cfg.Configuration - Building session factory using provided StandardServiceRegistry
10:00:55.290 [main] DEBUG org.hibernate.cache.internal.RegionFactoryInitiator - Cache region factory : org.hibernate.cache.internal.NoCachingRegionFactory
10:00:55.299 [main] DEBUG org.hibernate.type.BasicTypeRegistry - Adding type registration boolean -&gt; org.hibernate.type.BooleanType@60db1c0e
10:00:55.299 [main] DEBUG org.hibernate.type.BasicTypeRegistry - Adding type registration boolean -&gt; org.hibernate.type.BooleanType@60db1c0e
10:00:55.299 [main] DEBUG org.hibernate.type.BasicTypeRegistry - Adding type registration java.lang.Boolean -&gt; org.hibernate.type.BooleanType@60db1c0e
10:00:55.300 [main] DEBUG org.hibernate.type.BasicTypeRegistry - Adding type registration numeric_boolean -&gt; org.hibernate.type.NumericBooleanType@2438dcd
10:00:55.300 [main] DEBUG org.hibernate.type.BasicTypeRegistry - Adding type registration true_false -&gt; org.hibernate.type.TrueFalseType@e3b3b2f
10:00:55.301 [main] DEBUG org.hibernate.type.BasicTypeRegistry - Adding type registration yes_no -&gt; org.hibernate.type.YesNoType@7f2cfe3f
10:00:55.301 [main] DEBUG org.hibernate.type.BasicTypeRegistry - Adding type registration byte -&gt; org.hibernate.type.ByteType@45efd90f
10:00:55.301 [main] DEBUG org.hibernate.type.BasicTypeRegistry - Adding type registration byte -&gt; org.hibernate.type.ByteType@45efd90f
10:00:55.301 [main] DEBUG org.hibernate.type.BasicTypeRegistry - Adding type registration java.lang.Byte -&gt; org.hibernate.type.ByteType@45efd90f
10:00:55.302 [main] DEBUG org.hibernate.type.BasicTypeRegistry - Adding type registration character -&gt; org.hibernate.type.CharacterType@4a07d605
10:00:55.302 [main] DEBUG org.hibernate.type.BasicTypeRegistry - Adding type registration char -&gt; org.hibernate.type.CharacterType@4a07d605
10:00:55.329 [main] DEBUG org.hibernate.type.BasicTypeRegistry - Adding type registration java.lang.Character -&gt; org.hibernate.type.CharacterType@4a07d605
10:00:55.330 [main] DEBUG org.hibernate.type.BasicTypeRegistry - Adding type registration short -&gt; org.hibernate.type.ShortType@68878f6d
10:00:55.330 [main] DEBUG org.hibernate.type.BasicTypeRegistry - Adding type registration short -&gt; org.hibernate.type.ShortType@68878f6d
10:00:55.331 [main] DEBUG org.hibernate.type.BasicTypeRegistry - Adding type registration java.lang.Short -&gt; org.hibernate.type.ShortType@68878f6d
10:00:55.331 [main] DEBUG org.hibernate.type.BasicTypeRegistry - Adding type registration integer -&gt; org.hibernate.type.IntegerType@7fd7a283
10:00:55.331 [main] DEBUG org.hibernate.type.BasicTypeRegistry - Adding type registration int -&gt; org.hibernate.type.IntegerType@7fd7a283
10:00:55.331 [main] DEBUG org.hibernate.type.BasicTypeRegistry - Adding type registration java.lang.Integer -&gt; org.hibernate.type.IntegerType@7fd7a283
10:00:55.332 [main] DEBUG org.hibernate.type.BasicTypeRegistry - Adding type registration long -&gt; org.hibernate.type.LongType@18317edc
10:00:55.332 [main] DEBUG org.hibernate.type.BasicTypeRegistry - Adding type registration long -&gt; org.hibernate.type.LongType@18317edc
10:00:55.332 [main] DEBUG org.hibernate.type.BasicTypeRegistry - Adding type registration java.lang.Long -&gt; org.hibernate.type.LongType@18317edc
10:00:55.332 [main] DEBUG org.hibernate.type.BasicTypeRegistry - Adding type registration float -&gt; org.hibernate.type.FloatType@376a0d86
10:00:55.333 [main] DEBUG org.hibernate.type.BasicTypeRegistry - Adding type registration float -&gt; org.hibernate.type.FloatType@376a0d86
10:00:55.334 [main] DEBUG org.hibernate.type.BasicTypeRegistry - Adding type registration java.lang.Float -&gt; org.hibernate.type.FloatType@376a0d86
10:00:55.334 [main] DEBUG org.hibernate.type.BasicTypeRegistry - Adding type registration double -&gt; org.hibernate.type.DoubleType@6c7a164b
10:00:55.336 [main] DEBUG org.hibernate.type.BasicTypeRegistry - Adding type registration double -&gt; org.hibernate.type.DoubleType@6c7a164b
10:00:55.336 [main] DEBUG org.hibernate.type.BasicTypeRegistry - Adding type registration java.lang.Double -&gt; org.hibernate.type.DoubleType@6c7a164b
10:00:55.337 [main] DEBUG org.hibernate.type.BasicTypeRegistry - Adding type registration big_decimal -&gt; org.hibernate.type.BigDecimalType@47c81abf
10:00:55.337 [main] DEBUG org.hibernate.type.BasicTypeRegistry - Adding type registration java.math.BigDecimal -&gt; org.hibernate.type.BigDecimalType@47c81abf
10:00:55.337 [main] DEBUG org.hibernate.type.BasicTypeRegistry - Adding type registration big_integer -&gt; org.hibernate.type.BigIntegerType@3cce57c7
10:00:55.337 [main] DEBUG org.hibernate.type.BasicTypeRegistry - Adding type registration java.math.BigInteger -&gt; org.hibernate.type.BigIntegerType@3cce57c7
10:00:55.338 [main] DEBUG org.hibernate.type.BasicTypeRegistry - Adding type registration string -&gt; org.hibernate.type.StringType@3576ddc2
10:00:55.338 [main] DEBUG org.hibernate.type.BasicTypeRegistry - Adding type registration java.lang.String -&gt; org.hibernate.type.StringType@3576ddc2
10:00:55.338 [main] DEBUG org.hibernate.type.BasicTypeRegistry - Adding type registration nstring -&gt; org.hibernate.type.StringNVarcharType@747f281
10:00:55.338 [main] DEBUG org.hibernate.type.BasicTypeRegistry - Adding type registration ncharacter -&gt; org.hibernate.type.CharacterNCharType@2ca923bb
10:00:55.339 [main] DEBUG org.hibernate.type.BasicTypeRegistry - Adding type registration url -&gt; org.hibernate.type.UrlType@7de62196
10:00:55.339 [main] DEBUG org.hibernate.type.BasicTypeRegistry - Adding type registration java.net.URL -&gt; org.hibernate.type.UrlType@7de62196
10:00:55.339 [main] DEBUG org.hibernate.type.BasicTypeRegistry - Adding type registration Duration -&gt; org.hibernate.type.DurationType@389b0789
10:00:55.339 [main] DEBUG org.hibernate.type.BasicTypeRegistry - Adding type registration java.time.Duration -&gt; org.hibernate.type.DurationType@389b0789
10:00:55.340 [main] DEBUG org.hibernate.type.BasicTypeRegistry - Adding type registration Instant -&gt; org.hibernate.type.InstantType@2dc9b0f5
10:00:55.340 [main] DEBUG org.hibernate.type.BasicTypeRegistry - Adding type registration java.time.Instant -&gt; org.hibernate.type.InstantType@2dc9b0f5
10:00:55.340 [main] DEBUG org.hibernate.type.BasicTypeRegistry - Adding type registration LocalDateTime -&gt; org.hibernate.type.LocalDateTimeType@56dc1551
10:00:55.340 [main] DEBUG org.hibernate.type.BasicTypeRegistry - Adding type registration java.time.LocalDateTime -&gt; org.hibernate.type.LocalDateTimeType@56dc1551
10:00:55.341 [main] DEBUG org.hibernate.type.BasicTypeRegistry - Adding type registration LocalDate -&gt; org.hibernate.type.LocalDateType@4bbf6d0e
10:00:55.342 [main] DEBUG org.hibernate.type.BasicTypeRegistry - Adding type registration java.time.LocalDate -&gt; org.hibernate.type.LocalDateType@4bbf6d0e
10:00:55.342 [main] DEBUG org.hibernate.type.BasicTypeRegistry - Adding type registration LocalTime -&gt; org.hibernate.type.LocalTimeType@93081b6
10:00:55.342 [main] DEBUG org.hibernate.type.BasicTypeRegistry - Adding type registration java.time.LocalTime -&gt; org.hibernate.type.LocalTimeType@93081b6
10:00:55.342 [main] DEBUG org.hibernate.type.BasicTypeRegistry - Adding type registration OffsetDateTime -&gt; org.hibernate.type.OffsetDateTimeType@16c069df
10:00:55.342 [main] DEBUG org.hibernate.type.BasicTypeRegistry - Adding type registration java.time.OffsetDateTime -&gt; org.hibernate.type.OffsetDateTimeType@16c069df
10:00:55.343 [main] DEBUG org.hibernate.type.BasicTypeRegistry - Adding type registration OffsetTime -&gt; org.hibernate.type.OffsetTimeType@7c3fdb62
10:00:55.343 [main] DEBUG org.hibernate.type.BasicTypeRegistry - Adding type registration java.time.OffsetTime -&gt; org.hibernate.type.OffsetTimeType@7c3fdb62
10:00:55.343 [main] DEBUG org.hibernate.type.BasicTypeRegistry - Adding type registration ZonedDateTime -&gt; org.hibernate.type.ZonedDateTimeType@72ade7e3
10:00:55.343 [main] DEBUG org.hibernate.type.BasicTypeRegistry - Adding type registration java.time.ZonedDateTime -&gt; org.hibernate.type.ZonedDateTimeType@72ade7e3
10:00:55.344 [main] DEBUG org.hibernate.type.BasicTypeRegistry - Adding type registration date -&gt; org.hibernate.type.DateType@23202fce
10:00:55.344 [main] DEBUG org.hibernate.type.BasicTypeRegistry - Adding type registration java.sql.Date -&gt; org.hibernate.type.DateType@23202fce
10:00:55.344 [main] DEBUG org.hibernate.type.BasicTypeRegistry - Adding type registration time -&gt; org.hibernate.type.TimeType@7f284218
10:00:55.344 [main] DEBUG org.hibernate.type.BasicTypeRegistry - Adding type registration java.sql.Time -&gt; org.hibernate.type.TimeType@7f284218
10:00:55.346 [main] DEBUG org.hibernate.type.BasicTypeRegistry - Adding type registration timestamp -&gt; org.hibernate.type.TimestampType@2cb2fc20
10:00:55.346 [main] DEBUG org.hibernate.type.BasicTypeRegistry - Adding type registration java.sql.Timestamp -&gt; org.hibernate.type.TimestampType@2cb2fc20
10:00:55.347 [main] DEBUG org.hibernate.type.BasicTypeRegistry - Adding type registration java.util.Date -&gt; org.hibernate.type.TimestampType@2cb2fc20
10:00:55.351 [main] DEBUG org.hibernate.type.BasicTypeRegistry - Adding type registration dbtimestamp -&gt; org.hibernate.type.DbTimestampType@5f0fd5a0
10:00:55.352 [main] DEBUG org.hibernate.type.BasicTypeRegistry - Adding type registration calendar -&gt; org.hibernate.type.CalendarType@3116c353
10:00:55.352 [main] DEBUG org.hibernate.type.BasicTypeRegistry - Adding type registration java.util.Calendar -&gt; org.hibernate.type.CalendarType@3116c353
10:00:55.353 [main] DEBUG org.hibernate.type.BasicTypeRegistry - Adding type registration java.util.GregorianCalendar -&gt; org.hibernate.type.CalendarType@3116c353
10:00:55.353 [main] DEBUG org.hibernate.type.BasicTypeRegistry - Adding type registration calendar_date -&gt; org.hibernate.type.CalendarDateType@352ff4da
10:00:55.353 [main] DEBUG org.hibernate.type.BasicTypeRegistry - Adding type registration locale -&gt; org.hibernate.type.LocaleType@295cf707
10:00:55.354 [main] DEBUG org.hibernate.type.BasicTypeRegistry - Adding type registration java.util.Locale -&gt; org.hibernate.type.LocaleType@295cf707
10:00:55.354 [main] DEBUG org.hibernate.type.BasicTypeRegistry - Adding type registration currency -&gt; org.hibernate.type.CurrencyType@1b266842
10:00:55.354 [main] DEBUG org.hibernate.type.BasicTypeRegistry - Adding type registration java.util.Currency -&gt; org.hibernate.type.CurrencyType@1b266842
10:00:55.356 [main] DEBUG org.hibernate.type.BasicTypeRegistry - Adding type registration timezone -&gt; org.hibernate.type.TimeZoneType@bb9e6dc
10:00:55.357 [main] DEBUG org.hibernate.type.BasicTypeRegistry - Adding type registration java.util.TimeZone -&gt; org.hibernate.type.TimeZoneType@bb9e6dc
10:00:55.357 [main] DEBUG org.hibernate.type.BasicTypeRegistry - Adding type registration class -&gt; org.hibernate.type.ClassType@39d76cb5
10:00:55.357 [main] DEBUG org.hibernate.type.BasicTypeRegistry - Adding type registration java.lang.Class -&gt; org.hibernate.type.ClassType@39d76cb5
10:00:55.358 [main] DEBUG org.hibernate.type.BasicTypeRegistry - Adding type registration uuid-binary -&gt; org.hibernate.type.UUIDBinaryType@4bd31064
10:00:55.358 [main] DEBUG org.hibernate.type.BasicTypeRegistry - Adding type registration java.util.UUID -&gt; org.hibernate.type.UUIDBinaryType@4bd31064
10:00:55.359 [main] DEBUG org.hibernate.type.BasicTypeRegistry - Adding type registration uuid-char -&gt; org.hibernate.type.UUIDCharType@7354b8c5
10:00:55.359 [main] DEBUG org.hibernate.type.BasicTypeRegistry - Adding type registration binary -&gt; org.hibernate.type.BinaryType@59e2d8e3
10:00:55.360 [main] DEBUG org.hibernate.type.BasicTypeRegistry - Adding type registration byte[] -&gt; org.hibernate.type.BinaryType@59e2d8e3
10:00:55.360 [main] DEBUG org.hibernate.type.BasicTypeRegistry - Adding type registration [B -&gt; org.hibernate.type.BinaryType@59e2d8e3
10:00:55.360 [main] DEBUG org.hibernate.type.BasicTypeRegistry - Adding type registration wrapper-binary -&gt; org.hibernate.type.WrapperBinaryType@2fba3fc4
10:00:55.361 [main] DEBUG org.hibernate.type.BasicTypeRegistry - Adding type registration Byte[] -&gt; org.hibernate.type.WrapperBinaryType@2fba3fc4
10:00:55.362 [main] DEBUG org.hibernate.type.BasicTypeRegistry - Adding type registration [Ljava.lang.Byte; -&gt; org.hibernate.type.WrapperBinaryType@2fba3fc4
10:00:55.362 [main] DEBUG org.hibernate.type.BasicTypeRegistry - Adding type registration row_version -&gt; org.hibernate.type.RowVersionType@1c852c0f
10:00:55.362 [main] DEBUG org.hibernate.type.BasicTypeRegistry - Adding type registration image -&gt; org.hibernate.type.ImageType@24c4ddae
10:00:55.363 [main] DEBUG org.hibernate.type.BasicTypeRegistry - Adding type registration characters -&gt; org.hibernate.type.CharArrayType@6a57ae10
10:00:55.363 [main] DEBUG org.hibernate.type.BasicTypeRegistry - Adding type registration char[] -&gt; org.hibernate.type.CharArrayType@6a57ae10
10:00:55.363 [main] DEBUG org.hibernate.type.BasicTypeRegistry - Adding type registration [C -&gt; org.hibernate.type.CharArrayType@6a57ae10
10:00:55.364 [main] DEBUG org.hibernate.type.BasicTypeRegistry - Adding type registration wrapper-characters -&gt; org.hibernate.type.CharacterArrayType@3b79fd76
10:00:55.364 [main] DEBUG org.hibernate.type.BasicTypeRegistry - Adding type registration [Ljava.lang.Character; -&gt; org.hibernate.type.CharacterArrayType@3b79fd76
10:00:55.367 [main] DEBUG org.hibernate.type.BasicTypeRegistry - Adding type registration Character[] -&gt; org.hibernate.type.CharacterArrayType@3b79fd76
10:00:55.367 [main] DEBUG org.hibernate.type.BasicTypeRegistry - Adding type registration text -&gt; org.hibernate.type.TextType@1863d2fe
10:00:55.368 [main] DEBUG org.hibernate.type.BasicTypeRegistry - Adding type registration ntext -&gt; org.hibernate.type.NTextType@797b0699
10:00:55.368 [main] DEBUG org.hibernate.type.BasicTypeRegistry - Adding type registration blob -&gt; org.hibernate.type.BlobType@6e01f9b0
10:00:55.368 [main] DEBUG org.hibernate.type.BasicTypeRegistry - Adding type registration java.sql.Blob -&gt; org.hibernate.type.BlobType@6e01f9b0
10:00:55.369 [main] DEBUG org.hibernate.type.BasicTypeRegistry - Adding type registration materialized_blob -&gt; org.hibernate.type.MaterializedBlobType@658c5a19
10:00:55.369 [main] DEBUG org.hibernate.type.BasicTypeRegistry - Adding type registration clob -&gt; org.hibernate.type.ClobType@68f1b17f
10:00:55.370 [main] DEBUG org.hibernate.type.BasicTypeRegistry - Adding type registration java.sql.Clob -&gt; org.hibernate.type.ClobType@68f1b17f
10:00:55.370 [main] DEBUG org.hibernate.type.BasicTypeRegistry - Adding type registration nclob -&gt; org.hibernate.type.NClobType@6fa34d52
10:00:55.374 [main] DEBUG org.hibernate.type.BasicTypeRegistry - Adding type registration java.sql.NClob -&gt; org.hibernate.type.NClobType@6fa34d52
10:00:55.374 [main] DEBUG org.hibernate.type.BasicTypeRegistry - Adding type registration materialized_clob -&gt; org.hibernate.type.MaterializedClobType@67b9b51a
10:00:55.376 [main] DEBUG org.hibernate.type.BasicTypeRegistry - Adding type registration materialized_nclob -&gt; org.hibernate.type.MaterializedNClobType@490caf5f
10:00:55.377 [main] DEBUG org.hibernate.type.BasicTypeRegistry - Adding type registration serializable -&gt; org.hibernate.type.SerializableType@934b6cb
10:00:55.377 [main] DEBUG org.hibernate.type.BasicTypeRegistry - Adding type registration object -&gt; org.hibernate.type.ObjectType@5cdec700
10:00:55.377 [main] DEBUG org.hibernate.type.BasicTypeRegistry - Adding type registration java.lang.Object -&gt; org.hibernate.type.ObjectType@5cdec700
10:00:55.378 [main] DEBUG org.hibernate.type.BasicTypeRegistry - Adding type registration imm_date -&gt; org.hibernate.type.AdaptedImmutableType@3cec79d3
10:00:55.378 [main] DEBUG org.hibernate.type.BasicTypeRegistry - Adding type registration imm_time -&gt; org.hibernate.type.AdaptedImmutableType@64b70919
10:00:55.379 [main] DEBUG org.hibernate.type.BasicTypeRegistry - Adding type registration imm_timestamp -&gt; org.hibernate.type.AdaptedImmutableType@4e31c3ec
10:00:55.379 [main] DEBUG org.hibernate.type.BasicTypeRegistry - Adding type registration imm_dbtimestamp -&gt; org.hibernate.type.AdaptedImmutableType@3157e4c0
10:00:55.379 [main] DEBUG org.hibernate.type.BasicTypeRegistry - Adding type registration imm_calendar -&gt; org.hibernate.type.AdaptedImmutableType@6eaa21d8
10:00:55.393 [main] DEBUG org.hibernate.type.BasicTypeRegistry - Adding type registration imm_calendar_date -&gt; org.hibernate.type.AdaptedImmutableType@328902d5
10:00:55.393 [main] DEBUG org.hibernate.type.BasicTypeRegistry - Adding type registration imm_binary -&gt; org.hibernate.type.AdaptedImmutableType@72e789cb
10:00:55.394 [main] DEBUG org.hibernate.type.BasicTypeRegistry - Adding type registration imm_serializable -&gt; org.hibernate.type.AdaptedImmutableType@7c1812b3
10:00:55.430 [main] DEBUG org.hibernate.engine.jdbc.env.internal.JdbcEnvironmentInitiator - Database -&gt;
       name : H2
    version : 1.4.196 (2017-06-10)
      major : 1
      minor : 4
10:00:55.431 [main] DEBUG org.hibernate.engine.jdbc.env.internal.JdbcEnvironmentInitiator - Driver -&gt;
       name : H2 JDBC Driver
    version : 1.4.196 (2017-06-10)
      major : 1
      minor : 4
10:00:55.431 [main] DEBUG org.hibernate.engine.jdbc.env.internal.JdbcEnvironmentInitiator - JDBC version : 4.0
10:00:55.431 [main] INFO org.hibernate.dialect.Dialect - HHH000400: Using dialect: org.hibernate.dialect.H2Dialect
10:00:55.547 [main] DEBUG org.hibernate.id.factory.internal.DefaultIdentifierGeneratorFactory - Registering IdentifierGenerator strategy [uuid2] -&gt; [org.hibernate.id.UUIDGenerator]
10:00:55.547 [main] DEBUG org.hibernate.id.factory.internal.DefaultIdentifierGeneratorFactory - Registering IdentifierGenerator strategy [guid] -&gt; [org.hibernate.id.GUIDGenerator]
10:00:55.547 [main] DEBUG org.hibernate.id.factory.internal.DefaultIdentifierGeneratorFactory - Registering IdentifierGenerator strategy [uuid] -&gt; [org.hibernate.id.UUIDHexGenerator]
10:00:55.547 [main] DEBUG org.hibernate.id.factory.internal.DefaultIdentifierGeneratorFactory - Registering IdentifierGenerator strategy [uuid.hex] -&gt; [org.hibernate.id.UUIDHexGenerator]
10:00:55.547 [main] DEBUG org.hibernate.id.factory.internal.DefaultIdentifierGeneratorFactory - Registering IdentifierGenerator strategy [assigned] -&gt; [org.hibernate.id.Assigned]
10:00:55.548 [main] DEBUG org.hibernate.id.factory.internal.DefaultIdentifierGeneratorFactory - Registering IdentifierGenerator strategy [identity] -&gt; [org.hibernate.id.IdentityGenerator]
10:00:55.548 [main] DEBUG org.hibernate.id.factory.internal.DefaultIdentifierGeneratorFactory - Registering IdentifierGenerator strategy [select] -&gt; [org.hibernate.id.SelectGenerator]
10:00:55.548 [main] DEBUG org.hibernate.id.factory.internal.DefaultIdentifierGeneratorFactory - Registering IdentifierGenerator strategy [sequence] -&gt; [org.hibernate.id.enhanced.SequenceStyleGenerator]
10:00:55.548 [main] DEBUG org.hibernate.id.factory.internal.DefaultIdentifierGeneratorFactory - Registering IdentifierGenerator strategy [seqhilo] -&gt; [org.hibernate.id.SequenceHiLoGenerator]
10:00:55.548 [main] DEBUG org.hibernate.id.factory.internal.DefaultIdentifierGeneratorFactory - Registering IdentifierGenerator strategy [increment] -&gt; [org.hibernate.id.IncrementGenerator]
10:00:55.548 [main] DEBUG org.hibernate.id.factory.internal.DefaultIdentifierGeneratorFactory - Registering IdentifierGenerator strategy [foreign] -&gt; [org.hibernate.id.ForeignGenerator]
10:00:55.548 [main] DEBUG org.hibernate.id.factory.internal.DefaultIdentifierGeneratorFactory - Registering IdentifierGenerator strategy [sequence-identity] -&gt; [org.hibernate.id.SequenceIdentityGenerator]
10:00:55.548 [main] DEBUG org.hibernate.id.factory.internal.DefaultIdentifierGeneratorFactory - Registering IdentifierGenerator strategy [enhanced-sequence] -&gt; [org.hibernate.id.enhanced.SequenceStyleGenerator]
10:00:55.548 [main] DEBUG org.hibernate.id.factory.internal.DefaultIdentifierGeneratorFactory - Registering IdentifierGenerator strategy [enhanced-table] -&gt; [org.hibernate.id.enhanced.TableGenerator]
10:00:55.548 [main] DEBUG org.hibernate.boot.model.relational.Namespace - Created database namespace [logicalName=Name{catalog=null, schema=null}, physicalName=Name{catalog=null, schema=null}]
10:00:55.549 [main] DEBUG org.hibernate.cfg.AnnotationBinder - Binding entity from annotated class: com.shoppingbackend.model.Address
10:00:55.549 [main] DEBUG org.hibernate.cfg.Ejb3Column - Binding column: Ejb3DiscriminatorColumn{logicalColumnName&apos;DTYPE&apos;, discriminatorTypeName=&apos;string&apos;}
10:00:55.549 [main] DEBUG org.hibernate.cfg.annotations.EntityBinder - Import with entity name Address
10:00:55.552 [main] DEBUG org.hibernate.cfg.annotations.EntityBinder - Bind entity com.shoppingbackend.model.Address on table Address
10:00:55.553 [main] DEBUG org.hibernate.cfg.Ejb3Column - Binding column: Ejb3Column{table=org.hibernate.mapping.Table(Address), mappingColumn=id, insertable=true, updatable=true, unique=false}
10:00:55.553 [main] DEBUG org.hibernate.cfg.annotations.PropertyBinder - MetadataSourceProcessor property id with lazy=false
10:00:55.553 [main] DEBUG org.hibernate.cfg.AbstractPropertyHolder - Attempting to locate auto-apply AttributeConverter for property [com.shoppingbackend.model.Address:id]
10:00:55.554 [main] DEBUG org.hibernate.cfg.annotations.SimpleValueBinder - building SimpleValue for id
10:00:55.554 [main] DEBUG org.hibernate.cfg.annotations.PropertyBinder - Building property id
10:00:55.554 [main] DEBUG org.hibernate.cfg.Ejb3Column - Binding column: Ejb3Column{table=org.hibernate.mapping.Table(Address), mappingColumn=address_line_one, insertable=true, updatable=true, unique=false}
10:00:55.554 [main] DEBUG org.hibernate.cfg.annotations.PropertyBinder - MetadataSourceProcessor property addressLineOne with lazy=false
10:00:55.554 [main] DEBUG org.hibernate.cfg.AbstractPropertyHolder - Attempting to locate auto-apply AttributeConverter for property [com.shoppingbackend.model.Address:addressLineOne]
10:00:55.554 [main] DEBUG org.hibernate.cfg.annotations.SimpleValueBinder - building SimpleValue for addressLineOne
10:00:55.554 [main] DEBUG org.hibernate.cfg.annotations.PropertyBinder - Building property addressLineOne
10:00:55.554 [main] DEBUG org.hibernate.cfg.Ejb3Column - Binding column: Ejb3Column{table=org.hibernate.mapping.Table(Address), mappingColumn=address_line_two, insertable=true, updatable=true, unique=false}
10:00:55.556 [main] DEBUG org.hibernate.cfg.annotations.PropertyBinder - MetadataSourceProcessor property addressLineTwo with lazy=false
10:00:55.556 [main] DEBUG org.hibernate.cfg.AbstractPropertyHolder - Attempting to locate auto-apply AttributeConverter for property [com.shoppingbackend.model.Address:addressLineTwo]
10:00:55.556 [main] DEBUG org.hibernate.cfg.annotations.SimpleValueBinder - building SimpleValue for addressLineTwo
10:00:55.556 [main] DEBUG org.hibernate.cfg.annotations.PropertyBinder - Building property addressLineTwo
10:00:55.556 [main] DEBUG org.hibernate.cfg.Ejb3Column - Binding column: Ejb3Column{table=org.hibernate.mapping.Table(Address), mappingColumn=is_billing, insertable=true, updatable=true, unique=false}
10:00:55.556 [main] DEBUG org.hibernate.cfg.annotations.PropertyBinder - MetadataSourceProcessor property billing with lazy=false
10:00:55.556 [main] DEBUG org.hibernate.cfg.AbstractPropertyHolder - Attempting to locate auto-apply AttributeConverter for property [com.shoppingbackend.model.Address:billing]
10:00:55.556 [main] DEBUG org.hibernate.cfg.annotations.SimpleValueBinder - building SimpleValue for billing
10:00:55.557 [main] DEBUG org.hibernate.cfg.annotations.PropertyBinder - Building property billing
10:00:55.557 [main] DEBUG org.hibernate.cfg.Ejb3Column - Binding column: Ejb3Column{table=org.hibernate.mapping.Table(Address), mappingColumn=city, insertable=true, updatable=true, unique=false}
10:00:55.557 [main] DEBUG org.hibernate.cfg.annotations.PropertyBinder - MetadataSourceProcessor property city with lazy=false
10:00:55.557 [main] DEBUG org.hibernate.cfg.AbstractPropertyHolder - Attempting to locate auto-apply AttributeConverter for property [com.shoppingbackend.model.Address:city]
10:00:55.557 [main] DEBUG org.hibernate.cfg.annotations.SimpleValueBinder - building SimpleValue for city
10:00:55.557 [main] DEBUG org.hibernate.cfg.annotations.PropertyBinder - Building property city
10:00:55.559 [main] DEBUG org.hibernate.cfg.Ejb3Column - Binding column: Ejb3Column{table=org.hibernate.mapping.Table(Address), mappingColumn=country, insertable=true, updatable=true, unique=false}
10:00:55.559 [main] DEBUG org.hibernate.cfg.annotations.PropertyBinder - MetadataSourceProcessor property country with lazy=false
10:00:55.560 [main] DEBUG org.hibernate.cfg.AbstractPropertyHolder - Attempting to locate auto-apply AttributeConverter for property [com.shoppingbackend.model.Address:country]
10:00:55.560 [main] DEBUG org.hibernate.cfg.annotations.SimpleValueBinder - building SimpleValue for country
10:00:55.560 [main] DEBUG org.hibernate.cfg.annotations.PropertyBinder - Building property country
10:00:55.560 [main] DEBUG org.hibernate.cfg.Ejb3Column - Binding column: Ejb3Column{table=org.hibernate.mapping.Table(Address), mappingColumn=postal_code, insertable=true, updatable=true, unique=false}
10:00:55.560 [main] DEBUG org.hibernate.cfg.annotations.PropertyBinder - MetadataSourceProcessor property postalCode with lazy=false
10:00:55.560 [main] DEBUG org.hibernate.cfg.AbstractPropertyHolder - Attempting to locate auto-apply AttributeConverter for property [com.shoppingbackend.model.Address:postalCode]
10:00:55.560 [main] DEBUG org.hibernate.cfg.annotations.SimpleValueBinder - building SimpleValue for postalCode
10:00:55.561 [main] DEBUG org.hibernate.cfg.annotations.PropertyBinder - Building property postalCode
10:00:55.561 [main] DEBUG org.hibernate.cfg.Ejb3Column - Binding column: Ejb3Column{table=org.hibernate.mapping.Table(Address), mappingColumn=is_shipping, insertable=true, updatable=true, unique=false}
10:00:55.561 [main] DEBUG org.hibernate.cfg.annotations.PropertyBinder - MetadataSourceProcessor property shipping with lazy=false
10:00:55.561 [main] DEBUG org.hibernate.cfg.AbstractPropertyHolder - Attempting to locate auto-apply AttributeConverter for property [com.shoppingbackend.model.Address:shipping]
10:00:55.561 [main] DEBUG org.hibernate.cfg.annotations.SimpleValueBinder - building SimpleValue for shipping
10:00:55.562 [main] DEBUG org.hibernate.cfg.annotations.PropertyBinder - Building property shipping
10:00:55.562 [main] DEBUG org.hibernate.cfg.Ejb3Column - Binding column: Ejb3Column{table=org.hibernate.mapping.Table(Address), mappingColumn=state, insertable=true, updatable=true, unique=false}
10:00:55.562 [main] DEBUG org.hibernate.cfg.annotations.PropertyBinder - MetadataSourceProcessor property state with lazy=false
10:00:55.562 [main] DEBUG org.hibernate.cfg.AbstractPropertyHolder - Attempting to locate auto-apply AttributeConverter for property [com.shoppingbackend.model.Address:state]
10:00:55.562 [main] DEBUG org.hibernate.cfg.annotations.SimpleValueBinder - building SimpleValue for state
10:00:55.562 [main] DEBUG org.hibernate.cfg.annotations.PropertyBinder - Building property state
10:00:55.562 [main] DEBUG org.hibernate.cfg.Ejb3Column - Binding column: Ejb3Column{table=org.hibernate.mapping.Table(Address), mappingColumn=user_id, insertable=true, updatable=true, unique=false}
10:00:55.562 [main] DEBUG org.hibernate.cfg.annotations.PropertyBinder - MetadataSourceProcessor property userId with lazy=false
10:00:55.562 [main] DEBUG org.hibernate.cfg.AbstractPropertyHolder - Attempting to locate auto-apply AttributeConverter for property [com.shoppingbackend.model.Address:userId]
10:00:55.562 [main] DEBUG org.hibernate.cfg.annotations.SimpleValueBinder - building SimpleValue for userId
10:00:55.563 [main] DEBUG org.hibernate.cfg.annotations.PropertyBinder - Building property userId
10:00:55.563 [main] DEBUG org.hibernate.cfg.AnnotationBinder - Binding entity from annotated class: com.shoppingbackend.model.Cart
10:00:55.564 [main] DEBUG org.hibernate.cfg.Ejb3Column - Binding column: Ejb3DiscriminatorColumn{logicalColumnName&apos;DTYPE&apos;, discriminatorTypeName=&apos;string&apos;}
10:00:55.567 [main] DEBUG org.hibernate.cfg.annotations.EntityBinder - Import with entity name Cart
10:00:55.567 [main] DEBUG org.hibernate.cfg.annotations.EntityBinder - Bind entity com.shoppingbackend.model.Cart on table Cart
10:00:55.568 [main] DEBUG org.hibernate.cfg.Ejb3Column - Binding column: Ejb3Column{table=org.hibernate.mapping.Table(Cart), mappingColumn=id, insertable=true, updatable=true, unique=false}
10:00:55.568 [main] DEBUG org.hibernate.cfg.annotations.PropertyBinder - MetadataSourceProcessor property id with lazy=false
10:00:55.568 [main] DEBUG org.hibernate.cfg.AbstractPropertyHolder - Attempting to locate auto-apply AttributeConverter for property [com.shoppingbackend.model.Cart:id]
10:00:55.568 [main] DEBUG org.hibernate.cfg.annotations.SimpleValueBinder - building SimpleValue for id
10:00:55.569 [main] DEBUG org.hibernate.cfg.annotations.PropertyBinder - Building property id
10:00:55.569 [main] DEBUG org.hibernate.cfg.Ejb3Column - Binding column: Ejb3Column{table=org.hibernate.mapping.Table(Cart), mappingColumn=cart_lines, insertable=true, updatable=true, unique=false}
10:00:55.569 [main] DEBUG org.hibernate.cfg.annotations.PropertyBinder - MetadataSourceProcessor property cartLines with lazy=false
10:00:55.569 [main] DEBUG org.hibernate.cfg.AbstractPropertyHolder - Attempting to locate auto-apply AttributeConverter for property [com.shoppingbackend.model.Cart:cartLines]
10:00:55.569 [main] DEBUG org.hibernate.cfg.annotations.SimpleValueBinder - building SimpleValue for cartLines
10:00:55.569 [main] DEBUG org.hibernate.cfg.annotations.PropertyBinder - Building property cartLines
10:00:55.569 [main] DEBUG org.hibernate.cfg.Ejb3Column - Binding column: Ejb3Column{table=org.hibernate.mapping.Table(Cart), mappingColumn=grand_total, insertable=true, updatable=true, unique=false}
10:00:55.569 [main] DEBUG org.hibernate.cfg.annotations.PropertyBinder - MetadataSourceProcessor property grandTotal with lazy=false
10:00:55.569 [main] DEBUG org.hibernate.cfg.AbstractPropertyHolder - Attempting to locate auto-apply AttributeConverter for property [com.shoppingbackend.model.Cart:grandTotal]
10:00:55.569 [main] DEBUG org.hibernate.cfg.annotations.SimpleValueBinder - building SimpleValue for grandTotal
10:00:55.570 [main] DEBUG org.hibernate.cfg.annotations.PropertyBinder - Building property grandTotal
10:00:55.570 [main] DEBUG org.hibernate.cfg.Ejb3Column - Binding column: Ejb3JoinColumn{logicalColumnName=&apos;null&apos;, referencedColumn=&apos;null&apos;, mappedBy=&apos;&apos;}
10:00:55.570 [main] DEBUG org.hibernate.cfg.Ejb3Column - Binding column: Ejb3Column{table=org.hibernate.mapping.Table(Cart), mappingColumn=user, insertable=true, updatable=true, unique=false}
10:00:55.570 [main] DEBUG org.hibernate.cfg.annotations.PropertyBinder - Building property user
10:00:55.570 [main] DEBUG org.hibernate.cfg.AnnotationBinder - Binding entity from annotated class: com.shoppingbackend.model.CartLine
10:00:55.571 [main] DEBUG org.hibernate.cfg.Ejb3Column - Binding column: Ejb3DiscriminatorColumn{logicalColumnName&apos;DTYPE&apos;, discriminatorTypeName=&apos;string&apos;}
10:00:55.571 [main] DEBUG org.hibernate.cfg.annotations.EntityBinder - Import with entity name CartLine
10:00:55.571 [main] DEBUG org.hibernate.cfg.annotations.EntityBinder - Bind entity com.shoppingbackend.model.CartLine on table cart_line
10:00:55.572 [main] DEBUG org.hibernate.cfg.Ejb3Column - Binding column: Ejb3Column{table=org.hibernate.mapping.Table(cart_line), mappingColumn=id, insertable=true, updatable=true, unique=false}
10:00:55.572 [main] DEBUG org.hibernate.cfg.annotations.PropertyBinder - MetadataSourceProcessor property id with lazy=false
10:00:55.573 [main] DEBUG org.hibernate.cfg.AbstractPropertyHolder - Attempting to locate auto-apply AttributeConverter for property [com.shoppingbackend.model.CartLine:id]
10:00:55.574 [main] DEBUG org.hibernate.cfg.annotations.SimpleValueBinder - building SimpleValue for id
10:00:55.574 [main] DEBUG org.hibernate.cfg.annotations.PropertyBinder - Building property id
10:00:55.574 [main] DEBUG org.hibernate.cfg.Ejb3Column - Binding column: Ejb3Column{table=org.hibernate.mapping.Table(cart_line), mappingColumn=is_available, insertable=true, updatable=true, unique=false}
10:00:55.574 [main] DEBUG org.hibernate.cfg.annotations.PropertyBinder - MetadataSourceProcessor property available with lazy=false
10:00:55.574 [main] DEBUG org.hibernate.cfg.AbstractPropertyHolder - Attempting to locate auto-apply AttributeConverter for property [com.shoppingbackend.model.CartLine:available]
10:00:55.574 [main] DEBUG org.hibernate.cfg.annotations.SimpleValueBinder - building SimpleValue for available
10:00:55.574 [main] DEBUG org.hibernate.cfg.annotations.PropertyBinder - Building property available
10:00:55.574 [main] DEBUG org.hibernate.cfg.Ejb3Column - Binding column: Ejb3Column{table=org.hibernate.mapping.Table(cart_line), mappingColumn=buying_price, insertable=true, updatable=true, unique=false}
10:00:55.576 [main] DEBUG org.hibernate.cfg.annotations.PropertyBinder - MetadataSourceProcessor property buyingPrice with lazy=false
10:00:55.576 [main] DEBUG org.hibernate.cfg.AbstractPropertyHolder - Attempting to locate auto-apply AttributeConverter for property [com.shoppingbackend.model.CartLine:buyingPrice]
10:00:55.576 [main] DEBUG org.hibernate.cfg.annotations.SimpleValueBinder - building SimpleValue for buyingPrice
10:00:55.576 [main] DEBUG org.hibernate.cfg.annotations.PropertyBinder - Building property buyingPrice
10:00:55.577 [main] DEBUG org.hibernate.cfg.Ejb3Column - Binding column: Ejb3Column{table=org.hibernate.mapping.Table(cart_line), mappingColumn=cart_id, insertable=true, updatable=true, unique=false}
10:00:55.577 [main] DEBUG org.hibernate.cfg.annotations.PropertyBinder - MetadataSourceProcessor property cartId with lazy=false
10:00:55.577 [main] DEBUG org.hibernate.cfg.AbstractPropertyHolder - Attempting to locate auto-apply AttributeConverter for property [com.shoppingbackend.model.CartLine:cartId]
10:00:55.577 [main] DEBUG org.hibernate.cfg.annotations.SimpleValueBinder - building SimpleValue for cartId
10:00:55.577 [main] DEBUG org.hibernate.cfg.annotations.PropertyBinder - Building property cartId
10:00:55.577 [main] DEBUG org.hibernate.cfg.Ejb3Column - Binding column: Ejb3JoinColumn{logicalColumnName=&apos;null&apos;, referencedColumn=&apos;null&apos;, mappedBy=&apos;&apos;}
10:00:55.577 [main] DEBUG org.hibernate.cfg.Ejb3Column - Binding column: Ejb3Column{table=org.hibernate.mapping.Table(cart_line), mappingColumn=product, insertable=true, updatable=true, unique=false}
10:00:55.577 [main] DEBUG org.hibernate.cfg.annotations.PropertyBinder - Building property product
10:00:55.578 [main] DEBUG org.hibernate.cfg.Ejb3Column - Binding column: Ejb3Column{table=org.hibernate.mapping.Table(cart_line), mappingColumn=product_count, insertable=true, updatable=true, unique=false}
10:00:55.578 [main] DEBUG org.hibernate.cfg.annotations.PropertyBinder - MetadataSourceProcessor property productCount with lazy=false
10:00:55.578 [main] DEBUG org.hibernate.cfg.AbstractPropertyHolder - Attempting to locate auto-apply AttributeConverter for property [com.shoppingbackend.model.CartLine:productCount]
10:00:55.578 [main] DEBUG org.hibernate.cfg.annotations.SimpleValueBinder - building SimpleValue for productCount
10:00:55.578 [main] DEBUG org.hibernate.cfg.annotations.PropertyBinder - Building property productCount
10:00:55.578 [main] DEBUG org.hibernate.cfg.Ejb3Column - Binding column: Ejb3Column{table=org.hibernate.mapping.Table(cart_line), mappingColumn=total, insertable=true, updatable=true, unique=false}
10:00:55.578 [main] DEBUG org.hibernate.cfg.annotations.PropertyBinder - MetadataSourceProcessor property total with lazy=false
10:00:55.578 [main] DEBUG org.hibernate.cfg.AbstractPropertyHolder - Attempting to locate auto-apply AttributeConverter for property [com.shoppingbackend.model.CartLine:total]
10:00:55.578 [main] DEBUG org.hibernate.cfg.annotations.SimpleValueBinder - building SimpleValue for total
10:00:55.579 [main] DEBUG org.hibernate.cfg.annotations.PropertyBinder - Building property total
10:00:55.579 [main] DEBUG org.hibernate.cfg.AnnotationBinder - Binding entity from annotated class: com.shoppingbackend.model.Category
10:00:55.579 [main] DEBUG org.hibernate.cfg.Ejb3Column - Binding column: Ejb3DiscriminatorColumn{logicalColumnName&apos;DTYPE&apos;, discriminatorTypeName=&apos;string&apos;}
10:00:55.579 [main] DEBUG org.hibernate.cfg.annotations.EntityBinder - Import with entity name Category
10:00:55.579 [main] DEBUG org.hibernate.cfg.annotations.EntityBinder - Bind entity com.shoppingbackend.model.Category on table Category
10:00:55.580 [main] DEBUG org.hibernate.cfg.Ejb3Column - Binding column: Ejb3Column{table=org.hibernate.mapping.Table(Category), mappingColumn=id, insertable=true, updatable=true, unique=false}
10:00:55.580 [main] DEBUG org.hibernate.cfg.annotations.PropertyBinder - MetadataSourceProcessor property id with lazy=false
10:00:55.580 [main] DEBUG org.hibernate.cfg.AbstractPropertyHolder - Attempting to locate auto-apply AttributeConverter for property [com.shoppingbackend.model.Category:id]
10:00:55.580 [main] DEBUG org.hibernate.cfg.annotations.SimpleValueBinder - building SimpleValue for id
10:00:55.580 [main] DEBUG org.hibernate.cfg.annotations.PropertyBinder - Building property id
10:00:55.581 [main] DEBUG org.hibernate.cfg.Ejb3Column - Binding column: Ejb3Column{table=org.hibernate.mapping.Table(Category), mappingColumn=is_active, insertable=true, updatable=true, unique=false}
10:00:55.581 [main] DEBUG org.hibernate.cfg.annotations.PropertyBinder - MetadataSourceProcessor property active with lazy=false
10:00:55.581 [main] DEBUG org.hibernate.cfg.AbstractPropertyHolder - Attempting to locate auto-apply AttributeConverter for property [com.shoppingbackend.model.Category:active]
10:00:55.581 [main] DEBUG org.hibernate.cfg.annotations.SimpleValueBinder - building SimpleValue for active
10:00:55.581 [main] DEBUG org.hibernate.cfg.annotations.PropertyBinder - Building property active
10:00:55.581 [main] DEBUG org.hibernate.cfg.Ejb3Column - Binding column: Ejb3Column{table=org.hibernate.mapping.Table(Category), mappingColumn=description, insertable=true, updatable=true, unique=false}
10:00:55.582 [main] DEBUG org.hibernate.cfg.annotations.PropertyBinder - MetadataSourceProcessor property description with lazy=false
10:00:55.582 [main] DEBUG org.hibernate.cfg.AbstractPropertyHolder - Attempting to locate auto-apply AttributeConverter for property [com.shoppingbackend.model.Category:description]
10:00:55.583 [main] DEBUG org.hibernate.cfg.annotations.SimpleValueBinder - building SimpleValue for description
10:00:55.583 [main] DEBUG org.hibernate.cfg.annotations.PropertyBinder - Building property description
10:00:55.583 [main] DEBUG org.hibernate.cfg.Ejb3Column - Binding column: Ejb3Column{table=org.hibernate.mapping.Table(Category), mappingColumn=image_url, insertable=true, updatable=true, unique=false}
10:00:55.583 [main] DEBUG org.hibernate.cfg.annotations.PropertyBinder - MetadataSourceProcessor property imageURL with lazy=false
10:00:55.583 [main] DEBUG org.hibernate.cfg.AbstractPropertyHolder - Attempting to locate auto-apply AttributeConverter for property [com.shoppingbackend.model.Category:imageURL]
10:00:55.583 [main] DEBUG org.hibernate.cfg.annotations.SimpleValueBinder - building SimpleValue for imageURL
10:00:55.584 [main] DEBUG org.hibernate.cfg.annotations.PropertyBinder - Building property imageURL
10:00:55.584 [main] DEBUG org.hibernate.cfg.Ejb3Column - Binding column: Ejb3Column{table=org.hibernate.mapping.Table(Category), mappingColumn=name, insertable=true, updatable=true, unique=false}
10:00:55.584 [main] DEBUG org.hibernate.cfg.annotations.PropertyBinder - MetadataSourceProcessor property name with lazy=false
10:00:55.584 [main] DEBUG org.hibernate.cfg.AbstractPropertyHolder - Attempting to locate auto-apply AttributeConverter for property [com.shoppingbackend.model.Category:name]
10:00:55.584 [main] DEBUG org.hibernate.cfg.annotations.SimpleValueBinder - building SimpleValue for name
10:00:55.584 [main] DEBUG org.hibernate.cfg.annotations.PropertyBinder - Building property name
10:00:55.584 [main] DEBUG org.hibernate.cfg.AnnotationBinder - Binding entity from annotated class: com.shoppingbackend.model.OrderDetail
[...]
10:00:57.213 [main] DEBUG org.hibernate.engine.transaction.jta.platform.internal.StandardJtaPlatformResolver - Could not resolve JtaPlatform, using default [org.hibernate.engine.transaction.jta.platform.internal.NoJtaPlatform]
10:00:57.213 [main] DEBUG org.hibernate.query.spi.NamedQueryRepository - Checking 0 named HQL queries
10:00:57.214 [main] DEBUG org.hibernate.query.spi.NamedQueryRepository - Checking 0 named SQL queries
10:00:57.214 [main] DEBUG org.hibernate.internal.SessionFactoryRegistry - Registering SessionFactory: 46ee1d2a-f10c-4577-ae1e-1634437779fe (&lt;unnamed&gt;)
10:00:57.214 [main] DEBUG org.hibernate.internal.SessionFactoryRegistry - Not binding SessionFactory to JNDI, no JNDI name configured
10:00:57.218 [main] DEBUG org.springframework.beans.factory.support.DefaultListableBeanFactory - Eagerly caching bean &apos;getSessionFactory&apos; to allow for resolving potential circular references
10:00:57.224 [main] DEBUG org.springframework.beans.factory.support.DefaultListableBeanFactory - Returning cached instance of singleton bean &apos;org.springframework.transaction.config.internalTransactionAdvisor&apos;
10:00:57.229 [main] DEBUG org.springframework.beans.factory.support.DefaultListableBeanFactory - Finished creating instance of bean &apos;getSessionFactory&apos;
10:00:57.229 [main] DEBUG org.springframework.beans.factory.annotation.AutowiredAnnotationBeanPostProcessor - Autowiring by type from bean name &apos;cartLineDAO&apos; to bean named &apos;getSessionFactory&apos;
10:00:57.229 [main] DEBUG org.springframework.beans.factory.support.DefaultListableBeanFactory - Returning cached instance of singleton bean &apos;org.springframework.transaction.config.internalTransactionAdvisor&apos;
10:00:57.230 [main] DEBUG org.springframework.transaction.annotation.AnnotationTransactionAttributeSource - Adding transactional method &apos;com.shoppingbackend.dao.daoimpl.CartLineDAOImpl.add&apos; with attribute: PROPAGATION_REQUIRED,ISOLATION_DEFAULT; &apos;&apos;
10:00:57.230 [main] DEBUG org.springframework.aop.framework.autoproxy.InfrastructureAdvisorAutoProxyCreator - Creating implicit proxy for bean &apos;cartLineDAO&apos; with 0 common interceptors and 1 specific interceptors
10:00:57.230 [main] DEBUG org.springframework.aop.framework.JdkDynamicAopProxy - Creating JDK dynamic proxy: target source is SingletonTargetSource for target object [com.shoppingbackend.dao.daoimpl.CartLineDAOImpl@6fca5907]
10:00:57.230 [main] DEBUG org.springframework.beans.factory.support.DefaultListableBeanFactory - Finished creating instance of bean &apos;cartLineDAO&apos;
10:00:57.231 [main] DEBUG org.springframework.beans.factory.support.DefaultListableBeanFactory - Creating shared instance of singleton bean &apos;categoryDAO&apos;
10:00:57.231 [main] DEBUG org.springframework.beans.factory.support.DefaultListableBeanFactory - Creating instance of bean &apos;categoryDAO&apos;
10:00:57.231 [main] DEBUG org.springframework.beans.factory.annotation.InjectionMetadata - Registered injected element on class [com.shoppingbackend.dao.daoimpl.CategoryDAOImpl]: AutowiredFieldElement for private org.hibernate.SessionFactory com.shoppingbackend.dao.daoimpl.CategoryDAOImpl.sessionFactory
10:00:57.231 [main] DEBUG org.springframework.beans.factory.support.DefaultListableBeanFactory - Eagerly caching bean &apos;categoryDAO&apos; to allow for resolving potential circular references
10:00:57.232 [main] DEBUG org.springframework.beans.factory.annotation.InjectionMetadata - Processing injected element of bean &apos;categoryDAO&apos;: AutowiredFieldElement for private org.hibernate.SessionFactory com.shoppingbackend.dao.daoimpl.CategoryDAOImpl.sessionFactory
10:00:57.233 [main] DEBUG org.springframework.beans.factory.support.DefaultListableBeanFactory - Returning cached instance of singleton bean &apos;getSessionFactory&apos;
10:00:57.233 [main] DEBUG org.springframework.beans.factory.annotation.AutowiredAnnotationBeanPostProcessor - Autowiring by type from bean name &apos;categoryDAO&apos; to bean named &apos;getSessionFactory&apos;
10:00:57.233 [main] DEBUG org.springframework.beans.factory.support.DefaultListableBeanFactory - Returning cached instance of singleton bean &apos;org.springframework.transaction.config.internalTransactionAdvisor&apos;
10:00:57.234 [main] DEBUG org.springframework.transaction.annotation.AnnotationTransactionAttributeSource - Adding transactional method &apos;com.shoppingbackend.dao.daoimpl.CategoryDAOImpl.add&apos; with attribute: PROPAGATION_REQUIRED,ISOLATION_DEFAULT; &apos;&apos;
10:00:57.235 [main] DEBUG org.springframework.aop.framework.autoproxy.InfrastructureAdvisorAutoProxyCreator - Creating implicit proxy for bean &apos;categoryDAO&apos; with 0 common interceptors and 1 specific interceptors
10:00:57.235 [main] DEBUG org.springframework.aop.framework.JdkDynamicAopProxy - Creating JDK dynamic proxy: target source is SingletonTargetSource for target object [com.shoppingbackend.dao.daoimpl.CategoryDAOImpl@7bebcd65]
10:00:57.235 [main] DEBUG org.springframework.beans.factory.support.DefaultListableBeanFactory - Finished creating instance of bean &apos;categoryDAO&apos;
10:00:57.235 [main] DEBUG org.springframework.beans.factory.support.DefaultListableBeanFactory - Creating shared instance of singleton bean &apos;productDAO&apos;
10:00:57.235 [main] DEBUG org.springframework.beans.factory.support.DefaultListableBeanFactory - Creating instance of bean &apos;productDAO&apos;
10:00:57.236 [main] DEBUG org.springframework.beans.factory.annotation.InjectionMetadata - Registered injected element on class [com.shoppingbackend.dao.daoimpl.ProductDAOImpl]: AutowiredFieldElement for private org.hibernate.SessionFactory com.shoppingbackend.dao.daoimpl.ProductDAOImpl.sessionFactory
10:00:57.236 [main] DEBUG org.springframework.beans.factory.support.DefaultListableBeanFactory - Eagerly caching bean &apos;productDAO&apos; to allow for resolving potential circular references
10:00:57.240 [main] DEBUG org.springframework.beans.factory.annotation.InjectionMetadata - Processing injected element of bean &apos;productDAO&apos;: AutowiredFieldElement for private org.hibernate.SessionFactory com.shoppingbackend.dao.daoimpl.ProductDAOImpl.sessionFactory
10:00:57.240 [main] DEBUG org.springframework.beans.factory.support.DefaultListableBeanFactory - Returning cached instance of singleton bean &apos;getSessionFactory&apos;
10:00:57.240 [main] DEBUG org.springframework.beans.factory.annotation.AutowiredAnnotationBeanPostProcessor - Autowiring by type from bean name &apos;productDAO&apos; to bean named &apos;getSessionFactory&apos;
10:00:57.241 [main] DEBUG org.springframework.beans.factory.support.DefaultListableBeanFactory - Returning cached instance of singleton bean &apos;org.springframework.transaction.config.internalTransactionAdvisor&apos;
10:00:57.244 [main] DEBUG org.springframework.transaction.annotation.AnnotationTransactionAttributeSource - Adding transactional method &apos;com.shoppingbackend.dao.daoimpl.ProductDAOImpl.add&apos; with attribute: PROPAGATION_REQUIRED,ISOLATION_DEFAULT; &apos;&apos;
10:00:57.244 [main] DEBUG org.springframework.aop.framework.autoproxy.InfrastructureAdvisorAutoProxyCreator - Creating implicit proxy for bean &apos;productDAO&apos; with 0 common interceptors and 1 specific interceptors
10:00:57.244 [main] DEBUG org.springframework.aop.framework.JdkDynamicAopProxy - Creating JDK dynamic proxy: target source is SingletonTargetSource for target object [com.shoppingbackend.dao.daoimpl.ProductDAOImpl@7afb1741]
10:00:57.244 [main] DEBUG org.springframework.beans.factory.support.DefaultListableBeanFactory - Finished creating instance of bean &apos;productDAO&apos;
10:00:57.245 [main] DEBUG org.springframework.beans.factory.support.DefaultListableBeanFactory - Creating shared instance of singleton bean &apos;supplierDAO&apos;
10:00:57.245 [main] DEBUG org.springframework.beans.factory.support.DefaultListableBeanFactory - Creating instance of bean &apos;supplierDAO&apos;
10:00:57.245 [main] DEBUG org.springframework.beans.factory.annotation.InjectionMetadata - Registered injected element on class [com.shoppingbackend.dao.daoimpl.SupplierDAOImpl]: AutowiredFieldElement for private org.hibernate.SessionFactory com.shoppingbackend.dao.daoimpl.SupplierDAOImpl.sessionFactory
10:00:57.246 [main] DEBUG org.springframework.beans.factory.support.DefaultListableBeanFactory - Eagerly caching bean &apos;supplierDAO&apos; to allow for resolving potential circular references
10:00:57.248 [main] DEBUG org.springframework.beans.factory.annotation.InjectionMetadata - Processing injected element of bean &apos;supplierDAO&apos;: AutowiredFieldElement for private org.hibernate.SessionFactory com.shoppingbackend.dao.daoimpl.SupplierDAOImpl.sessionFactory
10:00:57.249 [main] DEBUG org.springframework.beans.factory.support.DefaultListableBeanFactory - Returning cached instance of singleton bean &apos;getSessionFactory&apos;
10:00:57.249 [main] DEBUG org.springframework.beans.factory.annotation.AutowiredAnnotationBeanPostProcessor - Autowiring by type from bean name &apos;supplierDAO&apos; to bean named &apos;getSessionFactory&apos;
10:00:57.249 [main] DEBUG org.springframework.beans.factory.support.DefaultListableBeanFactory - Returning cached instance of singleton bean &apos;org.springframework.transaction.config.internalTransactionAdvisor&apos;
10:00:57.250 [main] DEBUG org.springframework.transaction.annotation.AnnotationTransactionAttributeSource - Adding transactional method &apos;com.shoppingbackend.dao.daoimpl.SupplierDAOImpl.updateSupp&apos; with attribute: PROPAGATION_REQUIRED,ISOLATION_DEFAULT; &apos;&apos;
10:00:57.250 [main] DEBUG org.springframework.aop.framework.autoproxy.InfrastructureAdvisorAutoProxyCreator - Creating implicit proxy for bean &apos;supplierDAO&apos; with 0 common interceptors and 1 specific interceptors
10:00:57.250 [main] DEBUG org.springframework.aop.framework.JdkDynamicAopProxy - Creating JDK dynamic proxy: target source is SingletonTargetSource for target object [com.shoppingbackend.dao.daoimpl.SupplierDAOImpl@31edeac]
10:00:57.250 [main] DEBUG org.springframework.beans.factory.support.DefaultListableBeanFactory - Finished creating instance of bean &apos;supplierDAO&apos;
10:00:57.251 [main] DEBUG org.springframework.beans.factory.support.DefaultListableBeanFactory - Creating shared instance of singleton bean &apos;userDAO&apos;
10:00:57.251 [main] DEBUG org.springframework.beans.factory.support.DefaultListableBeanFactory - Creating instance of bean &apos;userDAO&apos;
10:00:57.252 [main] DEBUG org.springframework.beans.factory.annotation.InjectionMetadata - Registered injected element on class [com.shoppingbackend.dao.daoimpl.UserDAOImpl]: AutowiredFieldElement for private org.hibernate.SessionFactory com.shoppingbackend.dao.daoimpl.UserDAOImpl.sessionFactory
10:00:57.252 [main] DEBUG org.springframework.beans.factory.support.DefaultListableBeanFactory - Eagerly caching bean &apos;userDAO&apos; to allow for resolving potential circular references
10:00:57.255 [main] DEBUG org.springframework.beans.factory.annotation.InjectionMetadata - Processing injected element of bean &apos;userDAO&apos;: AutowiredFieldElement for private org.hibernate.SessionFactory com.shoppingbackend.dao.daoimpl.UserDAOImpl.sessionFactory
10:00:57.255 [main] DEBUG org.springframework.beans.factory.support.DefaultListableBeanFactory - Returning cached instance of singleton bean &apos;getSessionFactory&apos;
10:00:57.255 [main] DEBUG org.springframework.beans.factory.annotation.AutowiredAnnotationBeanPostProcessor - Autowiring by type from bean name &apos;userDAO&apos; to bean named &apos;getSessionFactory&apos;
10:00:57.255 [main] DEBUG org.springframework.beans.factory.support.DefaultListableBeanFactory - Returning cached instance of singleton bean &apos;org.springframework.transaction.config.internalTransactionAdvisor&apos;
10:00:57.256 [main] DEBUG org.springframework.transaction.annotation.AnnotationTransactionAttributeSource - Adding transactional method &apos;com.shoppingbackend.dao.daoimpl.UserDAOImpl.add&apos; with attribute: PROPAGATION_REQUIRED,ISOLATION_DEFAULT; &apos;&apos;
10:00:57.256 [main] DEBUG org.springframework.aop.framework.autoproxy.InfrastructureAdvisorAutoProxyCreator - Creating implicit proxy for bean &apos;userDAO&apos; with 0 common interceptors and 1 specific interceptors
10:00:57.256 [main] DEBUG org.springframework.aop.framework.JdkDynamicAopProxy - Creating JDK dynamic proxy: target source is SingletonTargetSource for target object [com.shoppingbackend.dao.daoimpl.UserDAOImpl@45bb2aa1]
10:00:57.256 [main] DEBUG org.springframework.beans.factory.support.DefaultListableBeanFactory - Finished creating instance of bean &apos;userDAO&apos;
10:00:57.256 [main] DEBUG org.springframework.beans.factory.support.DefaultListableBeanFactory - Creating shared instance of singleton bean &apos;product&apos;
10:00:57.256 [main] DEBUG org.springframework.beans.factory.support.DefaultListableBeanFactory - Creating instance of bean &apos;product&apos;
10:00:57.258 [main] DEBUG org.springframework.beans.factory.support.DefaultListableBeanFactory - Eagerly caching bean &apos;product&apos; to allow for resolving potential circular references
10:00:57.260 [main] DEBUG org.springframework.beans.factory.support.DefaultListableBeanFactory - Returning cached instance of singleton bean &apos;org.springframework.transaction.config.internalTransactionAdvisor&apos;
10:00:57.262 [main] DEBUG org.springframework.beans.factory.support.DefaultListableBeanFactory - Finished creating instance of bean &apos;product&apos;
10:00:57.262 [main] DEBUG org.springframework.beans.factory.support.DefaultListableBeanFactory - Returning cached instance of singleton bean &apos;org.springframework.transaction.annotation.ProxyTransactionManagementConfiguration&apos;
10:00:57.262 [main] DEBUG org.springframework.beans.factory.support.DefaultListableBeanFactory - Returning cached instance of singleton bean &apos;org.springframework.transaction.config.internalTransactionAdvisor&apos;
10:00:57.263 [main] DEBUG org.springframework.beans.factory.support.DefaultListableBeanFactory - Returning cached instance of singleton bean &apos;transactionAttributeSource&apos;
10:00:57.263 [main] DEBUG org.springframework.beans.factory.support.DefaultListableBeanFactory - Returning cached instance of singleton bean &apos;transactionInterceptor&apos;
10:00:57.263 [main] DEBUG org.springframework.beans.factory.support.DefaultListableBeanFactory - Creating shared instance of singleton bean &apos;org.springframework.transaction.config.internalTransactionalEventListenerFactory&apos;
10:00:57.263 [main] DEBUG org.springframework.beans.factory.support.DefaultListableBeanFactory - Creating instance of bean &apos;org.springframework.transaction.config.internalTransactionalEventListenerFactory&apos;
10:00:57.264 [main] DEBUG org.springframework.beans.factory.support.DefaultListableBeanFactory - Returning cached instance of singleton bean &apos;org.springframework.transaction.annotation.ProxyTransactionManagementConfiguration&apos;
10:00:57.264 [main] DEBUG org.springframework.beans.factory.support.DefaultListableBeanFactory - Eagerly caching bean &apos;org.springframework.transaction.config.internalTransactionalEventListenerFactory&apos; to allow for resolving potential circular references
10:00:57.267 [main] DEBUG org.springframework.beans.factory.support.DefaultListableBeanFactory - Returning cached instance of singleton bean &apos;org.springframework.transaction.config.internalTransactionAdvisor&apos;
10:00:57.269 [main] DEBUG org.springframework.beans.factory.support.DefaultListableBeanFactory - Finished creating instance of bean &apos;org.springframework.transaction.config.internalTransactionalEventListenerFactory&apos;
10:00:57.269 [main] DEBUG org.springframework.beans.factory.support.DefaultListableBeanFactory - Returning cached instance of singleton bean &apos;dataSource&apos;
10:00:57.269 [main] DEBUG org.springframework.beans.factory.support.DefaultListableBeanFactory - Returning cached instance of singleton bean &apos;getSessionFactory&apos;
10:00:57.270 [main] DEBUG org.springframework.beans.factory.support.DefaultListableBeanFactory - Creating shared instance of singleton bean &apos;getTransactionManager&apos;
10:00:57.270 [main] DEBUG org.springframework.beans.factory.support.DefaultListableBeanFactory - Creating instance of bean &apos;getTransactionManager&apos;
10:00:57.270 [main] DEBUG org.springframework.beans.factory.support.DefaultListableBeanFactory - Returning cached instance of singleton bean &apos;hibernateConfig&apos;
10:00:57.270 [main] DEBUG org.springframework.beans.factory.support.DefaultListableBeanFactory - Returning cached instance of singleton bean &apos;getSessionFactory&apos;
10:00:57.270 [main] DEBUG org.springframework.beans.factory.support.DefaultListableBeanFactory - Autowiring by type from bean name &apos;getTransactionManager&apos; via factory method to bean named &apos;getSessionFactory&apos;
10:00:57.271 [main] INFO org.springframework.orm.hibernate5.HibernateTransactionManager - Using DataSource [org.apache.commons.dbcp2.BasicDataSource@627d8516] of Hibernate SessionFactory for HibernateTransactionManager
10:00:57.271 [main] DEBUG org.springframework.beans.factory.support.DefaultListableBeanFactory - Eagerly caching bean &apos;getTransactionManager&apos; to allow for resolving potential circular references
10:00:57.277 [main] DEBUG org.springframework.beans.factory.support.DefaultListableBeanFactory - Invoking afterPropertiesSet() on bean with name &apos;getTransactionManager&apos;
10:00:57.277 [main] DEBUG org.springframework.beans.factory.support.DefaultListableBeanFactory - Returning cached instance of singleton bean &apos;org.springframework.transaction.config.internalTransactionAdvisor&apos;
10:00:57.279 [main] DEBUG org.springframework.beans.factory.support.DefaultListableBeanFactory - Finished creating instance of bean &apos;getTransactionManager&apos;
10:00:57.279 [main] DEBUG org.springframework.beans.factory.support.DefaultListableBeanFactory - Returning cached instance of singleton bean &apos;org.springframework.aop.config.internalAutoProxyCreator&apos;
10:00:57.281 [main] DEBUG org.springframework.beans.factory.support.DefaultListableBeanFactory - Returning cached instance of singleton bean &apos;org.springframework.context.event.internalEventListenerFactory&apos;
10:00:57.282 [main] DEBUG org.springframework.beans.factory.support.DefaultListableBeanFactory - Returning cached instance of singleton bean &apos;org.springframework.transaction.config.internalTransactionalEventListenerFactory&apos;
10:00:57.345 [main] DEBUG org.springframework.context.annotation.AnnotationConfigApplicationContext - Unable to locate LifecycleProcessor with name &apos;lifecycleProcessor&apos;: using default [org.springframework.context.support.DefaultLifecycleProcessor@74db12c2]
10:00:57.345 [main] DEBUG org.springframework.beans.factory.support.DefaultListableBeanFactory - Returning cached instance of singleton bean &apos;lifecycleProcessor&apos;
10:00:57.346 [main] DEBUG org.springframework.core.env.PropertySourcesPropertyResolver - Could not find key &apos;spring.liveBeansView.mbeanDomain&apos; in any property source
10:00:57.346 [main] DEBUG org.springframework.beans.factory.support.DefaultListableBeanFactory - Returning cached instance of singleton bean &apos;supplierDAO&apos;
</system-out>
  </testcase>
  <testcase classname="com.shoppingbackend.test.SupplierTestCase" name="testDeleteSupplier" time="2.561">
    <skipped/>
  </testcase>
  <testcase classname="com.shoppingbackend.test.SupplierTestCase" name="testAddSupplier" time="0.002"/>
</testsuite>